# Header information on force file

MeOH_MeOH
N 398 R 2.060000 10.000000

1 2.060000 212.830333 2056.637956
2 2.080000 171.697574 1648.308615
3 2.100000 138.731401 1323.838418
4 2.120000 112.254633 1065.442245
5 2.140000 90.945788 859.224245
6 2.160000 73.761303 694.302094
7 2.180000 59.875261 562.134037
8 2.200000 48.632581 456.000472
9 2.220000 39.512571 370.603631
10 2.240000 32.100499 301.757717
11 2.260000 26.065344 246.148499
12 2.280000 21.142374 201.146382
13 2.300000 17.119447 164.660707
14 2.320000 13.826232 135.025965
15 2.340000 11.125713 110.912718
16 2.360000 8.907459 91.257729
17 2.380000 7.082304 75.209039
18 2.400000 5.578123 62.082704
19 2.420000 4.015614 41.154287
20 2.440000 3.199666 40.440481
21 2.460000 2.417418 37.784259
22 2.480000 1.699806 33.976984
23 2.500000 1.063858 29.617823
24 2.520000 0.516293 25.138684
25 2.540000 0.056613 20.829300
26 2.560000 -0.320302 16.862147
27 2.580000 -0.622098 13.317488
28 2.600000 -0.857358 10.208424
29 2.620000 -1.034500 7.505808
30 2.640000 -1.161188 5.163089
31 2.660000 -1.244175 3.135505
32 2.680000 -1.289380 1.385091
33 2.700000 -1.302032 -0.119917
34 2.720000 -1.286775 -1.405806
35 2.740000 -1.247774 -2.494274
36 2.760000 -1.188800 -3.403122
37 2.780000 -1.113298 -4.147117
38 2.800000 -1.024439 -4.738762
39 2.820000 -0.925161 -5.189054
40 2.840000 -0.818187 -5.508320
41 2.860000 -0.706036 -5.706785
42 2.880000 -0.591020 -5.794764
43 2.900000 -0.475247 -5.782602
44 2.920000 -0.360614 -5.680710
45 2.940000 -0.248811 -5.499511
46 2.960000 -0.141322 -5.249433
47 2.980000 -0.039419 -4.940855
48 3.000000 0.055831 -4.584141
49 3.020000 0.143568 -4.189577
50 3.040000 0.223137 -3.767369
51 3.060000 0.294087 -3.327577
52 3.080000 0.356163 -2.879984
53 3.100000 0.409302 -2.433960
54 3.120000 0.453624 -1.998231
55 3.140000 0.489414 -1.580787
56 3.160000 0.517108 -1.188656
57 3.180000 0.537273 -0.827795
58 3.200000 0.550579 -0.502844
59 3.220000 0.557778 -0.217060
60 3.240000 0.559670 0.027927
61 3.260000 0.557069 0.232166
62 3.280000 0.550775 0.397162
63 3.300000 0.541547 0.525659
64 3.320000 0.530077 0.621365
65 3.340000 0.516977 0.688633
66 3.360000 0.502768 0.732248
67 3.380000 0.487875 0.757131
68 3.400000 0.472623 0.768026
69 3.420000 0.457250 0.769303
70 3.440000 0.441910 0.764640
71 3.460000 0.426695 0.756816
72 3.480000 0.411649 0.747829
73 3.500000 0.396782 0.738928
74 3.520000 0.382084 0.730786
75 3.540000 0.367541 0.723590
76 3.560000 0.353133 0.717205
77 3.580000 0.338848 0.711239
78 3.600000 0.324683 0.705222
79 3.620000 0.310644 0.698704
80 3.640000 0.296744 0.691342
81 3.660000 0.283000 0.683059
82 3.680000 0.269430 0.673976
83 3.700000 0.256046 0.664363
84 3.720000 0.242856 0.654622
85 3.740000 0.229858 0.645258
86 3.760000 0.217037 0.636752
87 3.780000 0.204374 0.629581
88 3.800000 0.191836 0.624154
89 3.820000 0.179387 0.620761
90 3.840000 0.166985 0.619519
91 3.860000 0.154586 0.620345
92 3.880000 0.142152 0.622989
93 3.900000 0.129653 0.627055
94 3.920000 0.117061 0.632032
95 3.940000 0.104368 0.637354
96 3.960000 0.091569 0.642424
97 3.980000 0.078679 0.646634
98 4.000000 0.065718 0.649439
99 4.020000 0.052721 0.650337
100 4.040000 0.039727 0.648977
101 4.060000 0.026787 0.645123
102 4.080000 0.013949 0.638682
103 4.100000 0.001265 0.629660
104 4.120000 -0.011213 0.618158
105 4.140000 -0.023438 0.604329
106 4.160000 -0.035365 0.588385
107 4.180000 -0.046955 0.570545
108 4.200000 -0.058170 0.551050
109 4.220000 -0.068982 0.530115
110 4.240000 -0.079362 0.507896
111 4.260000 -0.089286 0.484515
112 4.280000 -0.098731 0.460029
113 4.300000 -0.107677 0.434486
114 4.320000 -0.116100 0.407892
115 4.340000 -0.123982 0.380235
116 4.360000 -0.131300 0.351533
117 4.380000 -0.138033 0.321828
118 4.400000 -0.144162 0.291149
119 4.420000 -0.149671 0.259634
120 4.440000 -0.154541 0.227436
121 4.460000 -0.158763 0.194801
122 4.480000 -0.162332 0.162007
123 4.500000 -0.165246 0.129389
124 4.520000 -0.167512 0.097274
125 4.540000 -0.169144 0.065975
126 4.560000 -0.170163 0.035794
127 4.580000 -0.170590 0.006967
128 4.600000 -0.170456 -0.020346
129 4.620000 -0.169792 -0.046081
130 4.640000 -0.168629 -0.070269
131 4.660000 -0.166994 -0.093097
132 4.680000 -0.164915 -0.114835
133 4.700000 -0.162409 -0.135850
134 4.720000 -0.159485 -0.156528
135 4.740000 -0.156147 -0.177300
136 4.760000 -0.152388 -0.198550
137 4.780000 -0.148196 -0.220639
138 4.800000 -0.143551 -0.243848
139 4.820000 -0.138429 -0.268329
140 4.840000 -0.132805 -0.294129
141 4.860000 -0.126653 -0.321108
142 4.880000 -0.119952 -0.348994
143 4.900000 -0.112687 -0.377403
144 4.920000 -0.104855 -0.405865
145 4.940000 -0.096458 -0.433843
146 4.960000 -0.087511 -0.460790
147 4.980000 -0.078042 -0.486113
148 5.000000 -0.068088 -0.509279
149 5.020000 -0.057698 -0.529783
150 5.040000 -0.046928 -0.547204
151 5.060000 -0.035844 -0.561215
152 5.080000 -0.024515 -0.571589
153 5.100000 -0.013019 -0.578172
154 5.120000 -0.001428 -0.580870
155 5.140000 0.010177 -0.579649
156 5.160000 0.021719 -0.574539
157 5.180000 0.033120 -0.565573
158 5.200000 0.044305 -0.552818
159 5.220000 0.055196 -0.536346
160 5.240000 0.065722 -0.516228
161 5.260000 0.075809 -0.492495
162 5.280000 0.085386 -0.465227
163 5.300000 0.094383 -0.434466
164 5.320000 0.102730 -0.400303
165 5.340000 0.110362 -0.362868
166 5.360000 0.117214 -0.322334
167 5.380000 0.123227 -0.278950
168 5.400000 0.128347 -0.233054
169 5.420000 0.132528 -0.185054
170 5.440000 0.135734 -0.135494
171 5.460000 0.137940 -0.085023
172 5.480000 0.139133 -0.034378
173 5.500000 0.139320 0.015641
174 5.520000 0.138522 0.064200
175 5.540000 0.136775 0.110486
176 5.560000 0.134133 0.153692
177 5.580000 0.130666 0.193107
178 5.600000 0.126453 0.228125
179 5.620000 0.121590 0.258236
180 5.640000 0.116176 0.283141
181 5.660000 0.110317 0.302682
182 5.680000 0.104122 0.316901
183 5.700000 0.097693 0.325991
184 5.720000 0.091130 0.330267
185 5.740000 0.084527 0.330140
186 5.760000 0.077963 0.326111
187 5.780000 0.071515 0.318767
188 5.800000 0.065241 0.308668
189 5.820000 0.059190 0.296469
190 5.840000 0.053397 0.282740
191 5.860000 0.047889 0.268075
192 5.880000 0.042678 0.253003
193 5.900000 0.037768 0.238006
194 5.920000 0.033152 0.223521
195 5.940000 0.028818 0.209941
196 5.960000 0.024744 0.197543
197 5.980000 0.020902 0.186572
198 6.000000 0.017265 0.177157
199 6.020000 0.013800 0.169378
200 6.040000 0.010474 0.163183
201 6.060000 0.007258 0.158422
202 6.080000 0.004125 0.154891
203 6.100000 0.001053 0.152287
204 6.120000 -0.001973 0.150285
205 6.140000 -0.004961 0.148544
206 6.160000 -0.007913 0.146682
207 6.180000 -0.010824 0.144406
208 6.200000 -0.013682 0.141400
209 6.220000 -0.016470 0.137442
210 6.240000 -0.019169 0.132362
211 6.260000 -0.021754 0.126133
212 6.280000 -0.024202 0.118767
213 6.300000 -0.026494 0.110391
214 6.320000 -0.028610 0.101138
215 6.340000 -0.030534 0.091239
216 6.360000 -0.032255 0.080920
217 6.380000 -0.033769 0.070435
218 6.400000 -0.035074 0.060040
219 6.420000 -0.036173 0.049963
220 6.440000 -0.037077 0.040427
221 6.460000 -0.037797 0.031581
222 6.480000 -0.038348 0.023566
223 6.500000 -0.038749 0.016455
224 6.520000 -0.039016 0.010300
225 6.540000 -0.039170 0.005101
226 6.560000 -0.039230 0.000835
227 6.580000 -0.039212 -0.002576
228 6.600000 -0.039135 -0.005219
229 6.620000 -0.039010 -0.007229
230 6.640000 -0.038849 -0.008769
231 6.660000 -0.038662 -0.010029
232 6.680000 -0.038450 -0.011216
233 6.700000 -0.038212 -0.012527
234 6.720000 -0.037945 -0.014183
235 6.740000 -0.037639 -0.016342
236 6.760000 -0.037285 -0.019144
237 6.780000 -0.036866 -0.022683
238 6.800000 -0.036370 -0.026983
239 6.820000 -0.035780 -0.032005
240 6.840000 -0.035084 -0.037595
241 6.860000 -0.034272 -0.043534
242 6.880000 -0.033342 -0.049517
243 6.900000 -0.032295 -0.055185
244 6.920000 -0.031141 -0.060179
245 6.940000 -0.029899 -0.064112
246 6.960000 -0.028591 -0.066654
247 6.980000 -0.027249 -0.067537
248 7.000000 -0.025908 -0.066565
249 7.020000 -0.024606 -0.063645
250 7.040000 -0.023381 -0.058861
251 7.060000 -0.022269 -0.052408
252 7.080000 -0.021298 -0.044650
253 7.100000 -0.020491 -0.036004
254 7.120000 -0.019861 -0.027001
255 7.140000 -0.019410 -0.018154
256 7.160000 -0.019128 -0.009989
257 7.180000 -0.018999 -0.002979
258 7.200000 -0.018993 0.002475
259 7.220000 -0.019079 0.006086
260 7.240000 -0.019217 0.007713
261 7.260000 -0.019368 0.007403
262 7.280000 -0.019495 0.005318
263 7.300000 -0.019566 0.001775
264 7.320000 -0.019555 -0.002845
265 7.340000 -0.019446 -0.008104
266 7.360000 -0.019230 -0.013539
267 7.380000 -0.018907 -0.018693
268 7.400000 -0.018489 -0.023164
269 7.420000 -0.017991 -0.026637
270 7.440000 -0.017435 -0.028870
271 7.460000 -0.016849 -0.029775
272 7.480000 -0.016258 -0.029400
273 7.500000 -0.015685 -0.027837
274 7.520000 -0.015154 -0.025302
275 7.540000 -0.014681 -0.022037
276 7.560000 -0.014277 -0.018320
277 7.580000 -0.013949 -0.014412
278 7.600000 -0.013699 -0.010583
279 7.620000 -0.013523 -0.007050
280 7.640000 -0.013413 -0.003967
281 7.660000 -0.013359 -0.001411
282 7.680000 -0.013352 0.000617
283 7.700000 -0.013380 0.002197
284 7.720000 -0.013435 0.003396
285 7.740000 -0.013513 0.004361
286 7.760000 -0.013609 0.005232
287 7.780000 -0.013723 0.006160
288 7.800000 -0.013857 0.007272
289 7.820000 -0.014016 0.008662
290 7.840000 -0.014207 0.010380
291 7.860000 -0.014435 0.012453
292 7.880000 -0.014708 0.014815
293 7.900000 -0.015030 0.017391
294 7.920000 -0.015405 0.020070
295 7.940000 -0.015832 0.022711
296 7.960000 -0.016311 0.025180
297 7.980000 -0.016837 0.027328
298 8.000000 -0.017400 0.029011
299 8.020000 -0.017991 0.030128
300 8.040000 -0.018598 0.030599
301 8.060000 -0.019207 0.030344
302 8.080000 -0.019805 0.029379
303 8.100000 -0.020376 0.027702
304 8.120000 -0.020906 0.025346
305 8.140000 -0.021383 0.022389
306 8.160000 -0.021797 0.018910
307 8.180000 -0.022135 0.014998
308 8.200000 -0.022393 0.010763
309 8.220000 -0.022564 0.006338
310 8.240000 -0.022646 0.001835
311 8.260000 -0.022638 -0.002631
312 8.280000 -0.022542 -0.006949
313 8.300000 -0.022363 -0.010988
314 8.320000 -0.022106 -0.014668
315 8.340000 -0.021781 -0.017905
316 8.360000 -0.021395 -0.020610
317 8.380000 -0.020962 -0.022753
318 8.400000 -0.020491 -0.024311
319 8.420000 -0.019995 -0.025286
320 8.440000 -0.019486 -0.025710
321 8.460000 -0.018972 -0.025652
322 8.480000 -0.018464 -0.025203
323 8.500000 -0.017967 -0.024479
324 8.520000 -0.017486 -0.023599
325 8.540000 -0.017023 -0.022707
326 8.560000 -0.016576 -0.021895
327 8.580000 -0.016144 -0.021303
328 8.600000 -0.015721 -0.021003
329 8.620000 -0.015301 -0.021068
330 8.640000 -0.014875 -0.021522
331 8.660000 -0.014436 -0.022359
332 8.680000 -0.013977 -0.023541
333 8.700000 -0.013491 -0.024970
334 8.720000 -0.012976 -0.026578
335 8.740000 -0.012428 -0.028263
336 8.760000 -0.011847 -0.029895
337 8.780000 -0.011234 -0.031381
338 8.800000 -0.010594 -0.032619
339 8.820000 -0.009932 -0.033552
340 8.840000 -0.009255 -0.034110
341 8.860000 -0.008571 -0.034295
342 8.880000 -0.007887 -0.034093
343 8.900000 -0.007211 -0.033566
344 8.920000 -0.006547 -0.032758
345 8.940000 -0.005903 -0.031735
346 8.960000 -0.005279 -0.030580
347 8.980000 -0.004680 -0.029375
348 9.000000 -0.004104 -0.028200
349 9.020000 -0.003550 -0.027129
350 9.040000 -0.003017 -0.026237
351 9.060000 -0.002499 -0.025560
352 9.080000 -0.001992 -0.025146
353 9.100000 -0.001491 -0.025000
354 9.120000 -0.000989 -0.025141
355 9.140000 -0.000482 -0.025526
356 9.160000 0.000034 -0.026138
357 9.180000 0.000565 -0.026907
358 9.200000 0.001111 -0.027775
359 9.220000 0.001675 -0.028618
360 9.240000 0.002255 -0.029352
361 9.260000 0.002847 -0.029820
362 9.280000 0.003443 -0.029867
363 9.300000 0.004036 -0.029375
364 9.320000 0.004611 -0.028185
365 9.340000 0.005155 -0.026198
366 9.360000 0.005650 -0.023334
367 9.380000 0.006080 -0.019562
368 9.400000 0.006424 -0.014892
369 9.420000 0.006667 -0.009425
370 9.440000 0.006795 -0.003305
371 9.460000 0.006796 0.003191
372 9.480000 0.006666 0.009781
373 9.500000 0.006407 0.016099
374 9.520000 0.006028 0.021803
375 9.540000 0.005544 0.026543
376 9.560000 0.004979 0.030011
377 9.580000 0.004360 0.031955
378 9.600000 0.003717 0.032248
379 9.620000 0.003087 0.030821
380 9.640000 0.002501 0.027778
381 9.660000 0.001990 0.023388
382 9.680000 0.001575 0.017993
383 9.700000 0.001275 0.012054
384 9.720000 0.001095 0.006013
385 9.740000 0.001031 0.000321
386 9.760000 0.001074 -0.004654
387 9.780000 0.001207 -0.008655
388 9.800000 0.001409 -0.011576
389 9.820000 0.001660 -0.013542
390 9.840000 0.001945 -0.014916
391 9.860000 0.002257 -0.016250
392 9.880000 0.002598 -0.017911
393 9.900000 0.002974 -0.019639
394 9.920000 0.003372 -0.020109
395 9.940000 0.003737 -0.016373
396 9.960000 0.003935 -0.003495
397 9.980000 0.003710 0.026007
398 10.000000 0.002625 0.082527
