# Header information on force file

MeOH_MeOH
N 398 R 2.060000 10.000000

1 2.060000 345.489237 3581.142417
2 2.080000 273.866390 2808.623667
3 2.100000 217.693920 2207.171433
4 2.120000 173.550490 1737.917230
5 2.140000 138.792143 1371.049013
6 2.160000 111.371163 1083.648643
7 2.180000 89.698193 858.058187
8 2.200000 72.537027 680.642690
9 2.220000 58.924173 540.850963
10 2.240000 48.107153 430.500920
11 2.260000 39.497137 343.234533
12 2.280000 32.632447 274.101167
13 2.300000 27.150420 219.238420
14 2.320000 22.765653 175.627030
15 2.340000 19.253113 140.902340
16 2.360000 16.435067 113.208917
17 2.380000 14.170887 91.088210
18 2.400000 12.349123 73.391623
19 2.420000 10.966523 79.915373
20 2.440000 9.608900 55.847050
21 2.460000 8.651633 39.879800
22 2.480000 7.956193 29.663950
23 2.500000 7.425883 23.367027
24 2.520000 6.996123 19.609050
25 2.540000 6.626060 17.397350
26 2.560000 6.291467 16.061923
27 2.580000 5.978943 15.190373
28 2.600000 5.681413 14.562850
29 2.620000 5.394910 14.087400
30 2.640000 5.116680 13.735423
31 2.660000 4.844413 13.491473
32 2.680000 4.576107 13.339000
33 2.700000 4.310113 13.260300
34 2.720000 4.045143 13.236750
35 2.740000 3.780280 13.249527
36 2.760000 3.514987 13.279750
37 2.780000 3.249100 13.309127
38 2.800000 2.982807 13.320323
39 2.820000 2.716630 13.297300
40 2.840000 2.451397 13.225900
41 2.860000 2.188197 13.094073
42 2.880000 1.928333 12.892127
43 2.900000 1.673287 12.612650
44 2.920000 1.424653 12.250773
45 2.940000 1.184103 11.804127
46 2.960000 0.953333 11.272950
47 2.980000 0.734003 10.660073
48 3.000000 0.527690 9.971150
49 3.020000 0.335833 9.214600
50 3.040000 0.159670 8.401727
51 3.060000 0.000187 7.546577
52 3.080000 -0.141933 6.665350
53 3.100000 -0.266343 5.775727
54 3.120000 -0.373060 4.895900
55 3.140000 -0.462460 4.044027
56 3.160000 -0.535270 3.237277
57 3.180000 -0.592557 2.491227
58 3.200000 -0.635657 1.818850
59 3.220000 -0.666147 1.230050
60 3.240000 -0.685753 0.730650
61 3.260000 -0.696280 0.322000
62 3.280000 -0.699513 0.001527
63 3.300000 -0.697163 -0.236723
64 3.320000 -0.690783 -0.401350
65 3.340000 -0.681740 -0.502723
66 3.360000 -0.671190 -0.552450
67 3.380000 -0.660040 -0.562573
68 3.400000 -0.648967 -0.544723
69 3.420000 -0.638423 -0.509623
70 3.440000 -0.628663 -0.466227
71 3.460000 -0.619790 -0.421150
72 3.480000 -0.611790 -0.379027
73 3.500000 -0.604573 -0.342550
74 3.520000 -0.598017 -0.312950
75 3.540000 -0.591987 -0.290223
76 3.560000 -0.586350 -0.273577
77 3.580000 -0.580997 -0.261577
78 3.600000 -0.575853 -0.252650
79 3.620000 -0.570873 -0.245323
80 3.640000 -0.566037 -0.238450
81 3.660000 -0.561337 -0.231650
82 3.680000 -0.556770 -0.225100
83 3.700000 -0.552323 -0.219400
84 3.720000 -0.547973 -0.215523
85 3.740000 -0.543673 -0.214750
86 3.760000 -0.539340 -0.218277
87 3.780000 -0.534887 -0.227300
88 3.800000 -0.530183 -0.242827
89 3.820000 -0.525100 -0.265523
90 3.840000 -0.519490 -0.295577
91 3.860000 -0.513207 -0.332600
92 3.880000 -0.506123 -0.375750
93 3.900000 -0.498130 -0.423773
94 3.920000 -0.489140 -0.475100
95 3.940000 -0.479110 -0.528027
96 3.960000 -0.468020 -0.580773
97 3.980000 -0.455897 -0.631550
98 4.000000 -0.442793 -0.678773
99 4.020000 -0.428797 -0.721000
100 4.040000 -0.414013 -0.757250
101 4.060000 -0.398573 -0.786900
102 4.080000 -0.382607 -0.809750
103 4.100000 -0.366250 -0.825900
104 4.120000 -0.349633 -0.835727
105 4.140000 -0.332880 -0.839750
106 4.160000 -0.316097 -0.838650
107 4.180000 -0.299377 -0.833100
108 4.200000 -0.282810 -0.823823
109 4.220000 -0.266457 -0.811427
110 4.240000 -0.250380 -0.796300
111 4.260000 -0.234630 -0.778700
112 4.280000 -0.219257 -0.758650
113 4.300000 -0.204307 -0.736123
114 4.320000 -0.189837 -0.710950
115 4.340000 -0.175897 -0.682900
116 4.360000 -0.162550 -0.651827
117 4.380000 -0.149857 -0.617673
118 4.400000 -0.137877 -0.580350
119 4.420000 -0.126670 -0.540127
120 4.440000 -0.116297 -0.497350
121 4.460000 -0.106797 -0.452677
122 4.480000 -0.098200 -0.406900
123 4.500000 -0.090520 -0.361000
124 4.520000 -0.083753 -0.315950
125 4.540000 -0.077867 -0.272677
126 4.560000 -0.072817 -0.232077
127 4.580000 -0.068550 -0.194827
128 4.600000 -0.064987 -0.161350
129 4.620000 -0.062057 -0.131750
130 4.640000 -0.059680 -0.105800
131 4.660000 -0.057797 -0.082750
132 4.680000 -0.056353 -0.061573
133 4.700000 -0.055327 -0.040923
134 4.720000 -0.054723 -0.019400
135 4.740000 -0.054573 0.004523
136 4.760000 -0.054943 0.032200
137 4.780000 -0.055913 0.064873
138 4.800000 -0.057597 0.103473
139 4.820000 -0.060117 0.148473
140 4.840000 -0.063600 0.199927
141 4.860000 -0.068170 0.257223
142 4.880000 -0.073937 0.319277
143 4.900000 -0.080977 0.384600
144 4.920000 -0.089337 0.451423
145 4.940000 -0.099027 0.517773
146 4.960000 -0.110023 0.581677
147 4.980000 -0.122250 0.641073
148 5.000000 -0.135603 0.694173
149 5.020000 -0.149937 0.739373
150 5.040000 -0.165087 0.775473
151 5.060000 -0.180857 0.801700
152 5.080000 -0.197053 0.817727
153 5.100000 -0.213463 0.823550
154 5.120000 -0.229893 0.819423
155 5.140000 -0.246147 0.805827
156 5.160000 -0.262040 0.783450
157 5.180000 -0.277403 0.752977
158 5.200000 -0.292087 0.715150
159 5.220000 -0.305943 0.670650
160 5.240000 -0.318850 0.620050
161 5.260000 -0.330687 0.563677
162 5.280000 -0.341343 0.501873
163 5.300000 -0.350710 0.434750
164 5.320000 -0.358680 0.362450
165 5.340000 -0.365157 0.285123
166 5.360000 -0.370037 0.202950
167 5.380000 -0.373230 0.116250
168 5.400000 -0.374647 0.025523
169 5.420000 -0.374217 -0.068600
170 5.440000 -0.371880 -0.165150
171 5.460000 -0.367600 -0.262900
172 5.480000 -0.361367 -0.360400
173 5.500000 -0.353200 -0.456027
174 5.520000 -0.343160 -0.548050
175 5.540000 -0.331333 -0.634777
176 5.560000 -0.317840 -0.714473
177 5.580000 -0.302840 -0.785623
178 5.600000 -0.286513 -0.846927
179 5.620000 -0.269073 -0.897250
180 5.640000 -0.250740 -0.935950
181 5.660000 -0.231753 -0.962650
182 5.680000 -0.212353 -0.977427
183 5.700000 -0.192773 -0.980700
184 5.720000 -0.173233 -0.973150
185 5.740000 -0.153947 -0.955677
186 5.760000 -0.135093 -0.929400
187 5.780000 -0.116843 -0.895677
188 5.800000 -0.099330 -0.855773
189 5.820000 -0.082660 -0.811277
190 5.840000 -0.066910 -0.763550
191 5.860000 -0.052133 -0.714100
192 5.880000 -0.038350 -0.664300
193 5.900000 -0.025553 -0.615427
194 5.920000 -0.013710 -0.568677
195 5.940000 -0.002773 -0.525150
196 5.960000 0.007333 -0.485623
197 5.980000 0.016700 -0.450800
198 6.000000 0.025417 -0.421050
199 6.020000 0.033593 -0.396600
200 6.040000 0.041333 -0.377277
201 6.060000 0.048730 -0.362600
202 6.080000 0.055877 -0.351927
203 6.100000 0.062840 -0.344300
204 6.120000 0.069670 -0.338700
205 6.140000 0.076397 -0.334050
206 6.160000 0.083027 -0.329150
207 6.180000 0.089550 -0.323073
208 6.200000 0.095930 -0.314827
209 6.220000 0.102113 -0.303700
210 6.240000 0.108043 -0.289150
211 6.260000 0.113647 -0.271077
212 6.280000 0.118850 -0.249500
213 6.300000 0.123593 -0.224800
214 6.320000 0.127817 -0.197373
215 6.340000 0.131470 -0.167927
216 6.360000 0.134520 -0.137150
217 6.380000 0.136950 -0.105827
218 6.400000 0.138757 -0.074750
219 6.420000 0.139950 -0.044623
220 6.440000 0.140557 -0.016150
221 6.460000 0.140617 0.010200
222 6.480000 0.140173 0.033973
223 6.500000 0.139287 0.054923
224 6.520000 0.138007 0.072873
225 6.540000 0.136400 0.087800
226 6.560000 0.134527 0.099750
227 6.580000 0.132437 0.108950
228 6.600000 0.130193 0.115650
229 6.620000 0.127833 0.120250
230 6.640000 0.125397 0.123250
231 6.660000 0.122913 0.125227
232 6.680000 0.120393 0.126823
233 6.700000 0.117837 0.128650
234 6.720000 0.115237 0.131400
235 6.740000 0.112567 0.135577
236 6.760000 0.109797 0.141623
237 6.780000 0.106880 0.149850
238 6.800000 0.103780 0.160350
239 6.820000 0.100447 0.173027
240 6.840000 0.096840 0.187427
241 6.860000 0.092937 0.202900
242 6.880000 0.088723 0.218527
243 6.900000 0.084207 0.233223
244 6.920000 0.079413 0.245900
245 6.940000 0.074403 0.255377
246 6.960000 0.069243 0.260650
247 6.980000 0.064027 0.260900
248 7.000000 0.058863 0.255523
249 7.020000 0.053863 0.244223
250 7.040000 0.049150 0.227250
251 7.060000 0.044827 0.205177
252 7.080000 0.040983 0.179100
253 7.100000 0.037690 0.150273
254 7.120000 0.034983 0.120300
255 7.140000 0.032873 0.090727
256 7.160000 0.031333 0.063150
257 7.180000 0.030313 0.039000
258 7.200000 0.029727 0.019500
259 7.220000 0.029477 0.005527
260 7.240000 0.029447 -0.002473
261 7.260000 0.029517 -0.004627
262 7.280000 0.029577 -0.001400
263 7.300000 0.029530 0.006277
264 7.320000 0.029293 0.017273
265 7.340000 0.028817 0.030300
266 7.360000 0.028077 0.043977
267 7.380000 0.027067 0.056950
268 7.400000 0.025817 0.068027
269 7.420000 0.024373 0.076277
270 7.440000 0.022800 0.080977
271 7.460000 0.021173 0.081877
272 7.480000 0.019563 0.079127
273 7.500000 0.018040 0.073000
274 7.520000 0.016670 0.064150
275 7.540000 0.015497 0.053300
276 7.560000 0.014550 0.041277
277 7.580000 0.013847 0.028850
278 7.600000 0.013390 0.016823
279 7.620000 0.013163 0.005827
280 7.640000 0.013143 -0.003700
281 7.660000 0.013297 -0.011550
282 7.680000 0.013590 -0.017750
283 7.700000 0.013993 -0.022573
284 7.720000 0.014480 -0.026250
285 7.740000 0.015037 -0.029250
286 7.760000 0.015650 -0.032023
287 7.780000 0.016320 -0.035050
288 7.800000 0.017057 -0.038727
289 7.820000 0.017877 -0.043350
290 7.840000 0.018803 -0.049073
291 7.860000 0.019853 -0.055977
292 7.880000 0.021050 -0.063850
293 7.900000 0.022413 -0.072450
294 7.920000 0.023953 -0.081423
295 7.940000 0.025670 -0.090323
296 7.960000 0.027560 -0.098723
297 7.980000 0.029610 -0.106150
298 8.000000 0.031793 -0.112150
299 8.020000 0.034077 -0.116400
300 8.040000 0.036427 -0.118650
301 8.060000 0.038800 -0.118650
302 8.080000 0.041153 -0.116450
303 8.100000 0.043437 -0.112050
304 8.120000 0.045613 -0.105550
305 8.140000 0.047640 -0.097200
306 8.160000 0.049487 -0.087250
307 8.180000 0.051117 -0.075977
308 8.200000 0.052513 -0.063723
309 8.220000 0.053660 -0.050900
310 8.240000 0.054547 -0.037850
311 8.260000 0.055177 -0.024923
312 8.280000 0.055550 -0.012450
313 8.300000 0.055683 -0.000823
314 8.320000 0.055593 0.009723
315 8.340000 0.055307 0.018950
316 8.360000 0.054850 0.026600
317 8.380000 0.054260 0.032600
318 8.400000 0.053563 0.036900
319 8.420000 0.052800 0.039527
320 8.440000 0.052000 0.040600
321 8.460000 0.051190 0.040350
322 8.480000 0.050397 0.039077
323 8.500000 0.049633 0.037150
324 8.520000 0.048913 0.034950
325 8.540000 0.048233 0.032923
326 8.560000 0.047590 0.031350
327 8.580000 0.046970 0.030650
328 8.600000 0.046353 0.031027
329 8.620000 0.045717 0.032677
330 8.640000 0.045033 0.035623
331 8.660000 0.044280 0.039800
332 8.680000 0.043430 0.045023
333 8.700000 0.042470 0.050923
334 8.720000 0.041390 0.057223
335 8.740000 0.040183 0.063550
336 8.760000 0.038853 0.069450
337 8.780000 0.037413 0.074600
338 8.800000 0.035880 0.078673
339 8.820000 0.034277 0.081500
340 8.840000 0.032633 0.082900
341 8.860000 0.030973 0.082950
342 8.880000 0.029327 0.081700
343 8.900000 0.027717 0.079450
344 8.920000 0.026157 0.076450
345 8.940000 0.024663 0.073023
346 8.960000 0.023237 0.069527
347 8.980000 0.021880 0.066300
348 9.000000 0.020580 0.063650
349 9.020000 0.019323 0.061823
350 9.040000 0.018097 0.061027
351 9.060000 0.016873 0.061300
352 9.080000 0.015633 0.062677
353 9.100000 0.014357 0.065027
354 9.120000 0.013023 0.068250
355 9.140000 0.011620 0.072050
356 9.160000 0.010137 0.076223
357 9.180000 0.008570 0.080423
358 9.200000 0.006923 0.084377
359 9.220000 0.005203 0.087650
360 9.240000 0.003427 0.090000
361 9.260000 0.001617 0.091023
362 9.280000 -0.000197 0.090377
363 9.300000 -0.001980 0.087873
364 9.320000 -0.003690 0.083223
365 9.340000 -0.005287 0.076323
366 9.360000 -0.006720 0.067127
367 9.380000 -0.007950 0.055700
368 9.400000 -0.008927 0.042200
369 9.420000 -0.009620 0.027000
370 9.440000 -0.009997 0.010523
371 9.460000 -0.010037 -0.006473
372 9.480000 -0.009737 -0.023300
373 9.500000 -0.009113 -0.039050
374 9.520000 -0.008193 -0.052923
375 9.540000 -0.007023 -0.064100
376 9.560000 -0.005663 -0.071873
377 9.580000 -0.004190 -0.075673
378 9.600000 -0.002680 -0.075250
379 9.620000 -0.001223 -0.070450
380 9.640000 0.000097 -0.061550
381 9.660000 0.001203 -0.049223
382 9.680000 0.002040 -0.034273
383 9.700000 0.002560 -0.017823
384 9.720000 0.002747 -0.000923
385 9.740000 0.002603 0.015327
386 9.760000 0.002150 0.030023
387 9.780000 0.001427 0.042500
388 9.800000 0.000477 0.052423
389 9.820000 -0.000647 0.060000
390 9.840000 -0.001907 0.065950
391 9.860000 -0.003280 0.071400
392 9.880000 -0.004763 0.076900
393 9.900000 -0.006347 0.081300
394 9.920000 -0.007967 0.080650
395 9.940000 -0.009440 0.066723
396 9.960000 -0.010367 0.026123
397 9.980000 -0.010017 -0.061177
398 10.000000 -0.007180 -0.222727
