# Header information on force file

MeOH_MeOH
N 398 R 2.060000 20.000000

1 2.060000 649.439315 7342.636509
2 2.080000 502.586584 5637.719563
3 2.100000 389.832193 4339.585409
4 2.120000 303.040485 3348.618721
5 2.140000 236.068111 2590.214842
6 2.160000 184.263814 2008.348122
7 2.180000 144.096851 1560.832696
8 2.200000 112.880197 1215.820370
9 2.220000 88.563790 949.205459
10 2.240000 69.579681 742.696401
11 2.260000 54.725753 582.378973
12 2.280000 43.078173 457.642943
13 2.300000 33.925314 360.378143
14 2.320000 26.717752 284.370799
15 2.340000 21.030336 224.849088
16 2.360000 16.533354 178.140195
17 2.380000 12.970550 141.410884
18 2.400000 10.142332 112.470777
19 2.420000 7.581782 86.927576
20 2.440000 5.970439 74.206687
21 2.460000 4.601237 62.713509
22 2.480000 3.449534 52.456852
23 2.500000 2.490856 43.410856
24 2.520000 1.701538 35.521017
25 2.540000 1.059224 28.710324
26 2.560000 0.543268 22.885319
27 2.580000 0.134993 17.942193
28 2.600000 -0.182158 13.772849
29 2.620000 -0.422597 10.271042
30 2.640000 -0.598690 7.338350
31 2.660000 -0.720961 4.888618
32 2.680000 -0.798331 2.848396
33 2.700000 -0.838371 1.155695
34 2.720000 -0.847516 -0.241213
35 2.740000 -0.831253 -1.385090
36 2.760000 -0.794293 -2.310934
37 2.780000 -0.740711 -3.047283
38 2.800000 -0.674063 -3.617428
39 2.820000 -0.597483 -4.040675
40 2.840000 -0.513740 -4.333583
41 2.860000 -0.425294 -4.510988
42 2.880000 -0.334321 -4.586366
43 2.900000 -0.242736 -4.572047
44 2.920000 -0.152223 -4.479355
45 2.940000 -0.064242 -4.318763
46 2.960000 0.019946 -4.100055
47 2.980000 0.099272 -3.832478
48 3.000000 0.172846 -3.524929
49 3.020000 0.239957 -3.186085
50 3.040000 0.300062 -2.824566
51 3.060000 0.352798 -2.449014
52 3.080000 0.397969 -2.068015
53 3.100000 0.435547 -1.689853
54 3.120000 0.465670 -1.322358
55 3.140000 0.488621 -0.972739
56 3.160000 0.504822 -0.647330
57 3.180000 0.514809 -0.351472
58 3.200000 0.519217 -0.089258
59 3.220000 0.518744 0.136587
60 3.240000 0.514128 0.324956
61 3.260000 0.506114 0.476406
62 3.280000 0.495421 0.592961
63 3.300000 0.482713 0.677864
64 3.320000 0.468581 0.735232
65 3.340000 0.453531 0.769797
66 3.360000 0.437968 0.786587
67 3.380000 0.422195 0.790649
68 3.400000 0.406421 0.786740
69 3.420000 0.390763 0.779037
70 3.440000 0.375264 0.770857
71 3.460000 0.359911 0.764436
72 3.480000 0.344657 0.761019
73 3.500000 0.329437 0.761011
74 3.520000 0.314185 0.764150
75 3.540000 0.298847 0.769649
76 3.560000 0.283387 0.776417
77 3.580000 0.267790 0.783151
78 3.600000 0.252074 0.788568
79 3.620000 0.236273 0.791532
80 3.640000 0.220444 0.791231
81 3.660000 0.204660 0.787277
82 3.680000 0.188990 0.779717
83 3.700000 0.173504 0.768916
84 3.720000 0.158260 0.755475
85 3.740000 0.143302 0.740196
86 3.760000 0.128662 0.723939
87 3.780000 0.114346 0.707605
88 3.800000 0.100350 0.692001
89 3.820000 0.086652 0.677815
90 3.840000 0.073219 0.665480
91 3.860000 0.060013 0.655157
92 3.880000 0.046993 0.646768
93 3.900000 0.034125 0.640000
94 3.920000 0.021382 0.634399
95 3.940000 0.008743 0.629410
96 3.960000 -0.003795 0.624410
97 3.980000 -0.016227 0.618783
98 4.000000 -0.028534 0.611948
99 4.020000 -0.040687 0.603428
100 4.040000 -0.052651 0.592903
101 4.060000 -0.064382 0.580220
102 4.080000 -0.075838 0.565392
103 4.100000 -0.086978 0.548568
104 4.120000 -0.097763 0.529997
105 4.140000 -0.108164 0.510006
106 4.160000 -0.118153 0.488953
107 4.180000 -0.127714 0.467199
108 4.200000 -0.136838 0.445073
109 4.220000 -0.145517 0.422846
110 4.240000 -0.153752 0.400713
111 4.260000 -0.161547 0.378728
112 4.280000 -0.168903 0.356863
113 4.300000 -0.175822 0.334999
114 4.320000 -0.182301 0.312978
115 4.340000 -0.188337 0.290598
116 4.360000 -0.193919 0.267646
117 4.380000 -0.199035 0.243928
118 4.400000 -0.203667 0.219299
119 4.420000 -0.207797 0.193656
120 4.440000 -0.211403 0.166996
121 4.460000 -0.214467 0.139406
122 4.480000 -0.216972 0.111064
123 4.500000 -0.218905 0.082211
124 4.520000 -0.220258 0.053130
125 4.540000 -0.221030 0.024124
126 4.560000 -0.221227 -0.004490
127 4.580000 -0.220858 -0.032434
128 4.600000 -0.219939 -0.059460
129 4.620000 -0.218490 -0.085397
130 4.640000 -0.216535 -0.110154
131 4.660000 -0.214096 -0.133726
132 4.680000 -0.211197 -0.156216
133 4.700000 -0.207856 -0.177774
134 4.720000 -0.204093 -0.198597
135 4.740000 -0.199918 -0.218904
136 4.760000 -0.195339 -0.238919
137 4.780000 -0.190362 -0.258833
138 4.800000 -0.184986 -0.278806
139 4.820000 -0.179208 -0.298912
140 4.840000 -0.173028 -0.319152
141 4.860000 -0.166442 -0.339425
142 4.880000 -0.159452 -0.359543
143 4.900000 -0.152064 -0.379244
144 4.920000 -0.144291 -0.398210
145 4.940000 -0.136147 -0.416129
146 4.960000 -0.127659 -0.432636
147 4.980000 -0.118859 -0.447420
148 5.000000 -0.109782 -0.460183
149 5.020000 -0.100474 -0.470688
150 5.040000 -0.090979 -0.478775
151 5.060000 -0.081348 -0.484374
152 5.080000 -0.071629 -0.487477
153 5.100000 -0.061873 -0.488165
154 5.120000 -0.052125 -0.486528
155 5.140000 -0.042433 -0.482707
156 5.160000 -0.032838 -0.476844
157 5.180000 -0.023379 -0.469052
158 5.200000 -0.014094 -0.459419
159 5.220000 -0.005020 -0.448006
160 5.240000 0.003808 -0.434779
161 5.260000 0.012352 -0.419644
162 5.280000 0.020573 -0.402443
163 5.300000 0.028428 -0.382994
164 5.320000 0.035869 -0.361085
165 5.340000 0.042844 -0.336565
166 5.360000 0.049303 -0.309280
167 5.380000 0.055188 -0.279191
168 5.400000 0.060443 -0.246326
169 5.420000 0.065015 -0.210858
170 5.440000 0.068854 -0.173111
171 5.460000 0.071921 -0.133554
172 5.480000 0.074185 -0.092814
173 5.500000 0.075629 -0.051612
174 5.520000 0.076252 -0.010731
175 5.540000 0.076070 0.029020
176 5.560000 0.075111 0.066837
177 5.580000 0.073423 0.101966
178 5.600000 0.071066 0.133741
179 5.620000 0.068112 0.161629
180 5.640000 0.064643 0.185244
181 5.660000 0.060747 0.204402
182 5.680000 0.056512 0.219071
183 5.700000 0.052028 0.229392
184 5.720000 0.047378 0.235596
185 5.740000 0.042641 0.238055
186 5.760000 0.037889 0.237152
187 5.780000 0.033184 0.233358
188 5.800000 0.028579 0.227148
189 5.820000 0.024118 0.218966
190 5.840000 0.019836 0.209262
191 5.860000 0.015759 0.198380
192 5.880000 0.011909 0.186650
193 5.900000 0.008299 0.174328
194 5.920000 0.004939 0.161645
195 5.940000 0.001835 0.148788
196 5.960000 -0.001011 0.135912
197 5.980000 -0.003602 0.123148
198 6.000000 -0.005940 0.110627
199 6.020000 -0.008031 0.098459
200 6.040000 -0.009883 0.086762
201 6.060000 -0.011508 0.075650
202 6.080000 -0.012916 0.065232
203 6.100000 -0.014125 0.055630
204 6.120000 -0.015151 0.046938
205 6.140000 -0.016013 0.039247
206 6.160000 -0.016731 0.032631
207 6.180000 -0.017329 0.027139
208 6.200000 -0.017828 0.022777
209 6.220000 -0.018251 0.019535
210 6.240000 -0.018620 0.017354
211 6.260000 -0.018955 0.016144
212 6.280000 -0.019274 0.015766
213 6.300000 -0.019593 0.016064
214 6.320000 -0.019922 0.016864
215 6.340000 -0.020270 0.017983
216 6.360000 -0.020642 0.019237
217 6.380000 -0.021040 0.020454
218 6.400000 -0.021459 0.021469
219 6.420000 -0.021894 0.022157
220 6.440000 -0.022341 0.022423
221 6.460000 -0.022786 0.022209
222 6.480000 -0.023224 0.021507
223 6.500000 -0.023643 0.020315
224 6.520000 -0.024032 0.018686
225 6.540000 -0.024386 0.016664
226 6.560000 -0.024696 0.014338
227 6.580000 -0.024957 0.011784
228 6.600000 -0.025166 0.009079
229 6.620000 -0.025319 0.006299
230 6.640000 -0.025418 0.003511
231 6.660000 -0.025460 0.000760
232 6.680000 -0.025449 -0.001916
233 6.700000 -0.025385 -0.004495
234 6.720000 -0.025270 -0.006975
235 6.740000 -0.025106 -0.009332
236 6.760000 -0.024898 -0.011575
237 6.780000 -0.024645 -0.013704
238 6.800000 -0.024351 -0.015718
239 6.820000 -0.024018 -0.017608
240 6.840000 -0.023648 -0.019366
241 6.860000 -0.023244 -0.020972
242 6.880000 -0.022810 -0.022408
243 6.900000 -0.022350 -0.023639
244 6.920000 -0.021868 -0.024630
245 6.940000 -0.021367 -0.025360
246 6.960000 -0.020856 -0.025789
247 6.980000 -0.020339 -0.025906
248 7.000000 -0.019823 -0.025683
249 7.020000 -0.019315 -0.025132
250 7.040000 -0.018821 -0.024235
251 7.060000 -0.018349 -0.023033
252 7.080000 -0.017903 -0.021549
253 7.100000 -0.017489 -0.019823
254 7.120000 -0.017112 -0.017906
255 7.140000 -0.016774 -0.015844
256 7.160000 -0.016479 -0.013696
257 7.180000 -0.016227 -0.011514
258 7.200000 -0.016019 -0.009342
259 7.220000 -0.015853 -0.007229
260 7.240000 -0.015729 -0.005203
261 7.260000 -0.015643 -0.003300
262 7.280000 -0.015595 -0.001527
263 7.300000 -0.015581 0.000104
264 7.320000 -0.015598 0.001592
265 7.340000 -0.015643 0.002942
266 7.360000 -0.015714 0.004158
267 7.380000 -0.015808 0.005248
268 7.400000 -0.015923 0.006214
269 7.420000 -0.016056 0.007067
270 7.440000 -0.016204 0.007804
271 7.460000 -0.016367 0.008420
272 7.480000 -0.016539 0.008907
273 7.500000 -0.016721 0.009264
274 7.520000 -0.016909 0.009477
275 7.540000 -0.017099 0.009537
276 7.560000 -0.017289 0.009442
277 7.580000 -0.017476 0.009200
278 7.600000 -0.017655 0.008808
279 7.620000 -0.017826 0.008292
280 7.640000 -0.017986 0.007668
281 7.660000 -0.018132 0.006984
282 7.680000 -0.018265 0.006278
283 7.700000 -0.018384 0.005611
284 7.720000 -0.018491 0.005028
285 7.740000 -0.018586 0.004574
286 7.760000 -0.018675 0.004305
287 7.780000 -0.018761 0.004240
288 7.800000 -0.018847 0.004419
289 7.820000 -0.018940 0.004828
290 7.840000 -0.019042 0.005449
291 7.860000 -0.019160 0.006255
292 7.880000 -0.019294 0.007184
293 7.900000 -0.019447 0.008165
294 7.920000 -0.019620 0.009118
295 7.940000 -0.019811 0.009961
296 7.960000 -0.020017 0.010620
297 7.980000 -0.020234 0.011022
298 8.000000 -0.020455 0.011105
299 8.020000 -0.020674 0.010835
300 8.040000 -0.020884 0.010197
301 8.060000 -0.021079 0.009202
302 8.080000 -0.021249 0.007894
303 8.100000 -0.021392 0.006323
304 8.120000 -0.021500 0.004563
305 8.140000 -0.021572 0.002700
306 8.160000 -0.021608 0.000808
307 8.180000 -0.021606 -0.001021
308 8.200000 -0.021569 -0.002709
309 8.220000 -0.021500 -0.004191
310 8.240000 -0.021404 -0.005408
311 8.260000 -0.021286 -0.006334
312 8.280000 -0.021153 -0.006956
313 8.300000 -0.021011 -0.007265
314 8.320000 -0.020865 -0.007296
315 8.340000 -0.020722 -0.007060
316 8.360000 -0.020585 -0.006620
317 8.380000 -0.020459 -0.006019
318 8.400000 -0.020345 -0.005307
319 8.420000 -0.020246 -0.004566
320 8.440000 -0.020162 -0.003853
321 8.460000 -0.020091 -0.003243
322 8.480000 -0.020031 -0.002802
323 8.500000 -0.019977 -0.002592
324 8.520000 -0.019924 -0.002669
325 8.540000 -0.019867 -0.003084
326 8.560000 -0.019797 -0.003864
327 8.580000 -0.019708 -0.005023
328 8.600000 -0.019593 -0.006546
329 8.620000 -0.019443 -0.008425
330 8.640000 -0.019254 -0.010578
331 8.660000 -0.019018 -0.012943
332 8.680000 -0.018735 -0.015406
333 8.700000 -0.018402 -0.017850
334 8.720000 -0.018022 -0.020150
335 8.740000 -0.017598 -0.022187
336 8.760000 -0.017139 -0.023851
337 8.780000 -0.016649 -0.025044
338 8.800000 -0.016141 -0.025707
339 8.820000 -0.015626 -0.025815
340 8.840000 -0.015115 -0.025372
341 8.860000 -0.014617 -0.024437
342 8.880000 -0.014141 -0.023113
343 8.900000 -0.013695 -0.021521
344 8.920000 -0.013281 -0.019818
345 8.940000 -0.012902 -0.018137
346 8.960000 -0.012554 -0.016644
347 8.980000 -0.012233 -0.015458
348 9.000000 -0.011932 -0.014681
349 9.020000 -0.011641 -0.014378
350 9.040000 -0.011351 -0.014574
351 9.060000 -0.011054 -0.015221
352 9.080000 -0.010738 -0.016242
353 9.100000 -0.010401 -0.017513
354 9.120000 -0.010037 -0.018885
355 9.140000 -0.009646 -0.020196
356 9.160000 -0.009232 -0.021306
357 9.180000 -0.008798 -0.022066
358 9.200000 -0.008354 -0.022356
359 9.220000 -0.007909 -0.022109
360 9.240000 -0.007475 -0.021288
361 9.260000 -0.007063 -0.019938
362 9.280000 -0.006682 -0.018139
363 9.300000 -0.006340 -0.016003
364 9.320000 -0.006043 -0.013685
365 9.340000 -0.005793 -0.011357
366 9.360000 -0.005587 -0.009183
367 9.380000 -0.005422 -0.007326
368 9.400000 -0.005290 -0.005930
369 9.420000 -0.005180 -0.005104
370 9.440000 -0.005079 -0.004920
371 9.460000 -0.004977 -0.005391
372 9.480000 -0.004858 -0.006490
373 9.500000 -0.004711 -0.008139
374 9.520000 -0.004528 -0.010229
375 9.540000 -0.004299 -0.012633
376 9.560000 -0.004021 -0.015180
377 9.580000 -0.003692 -0.017694
378 9.600000 -0.003316 -0.019983
379 9.620000 -0.002897 -0.021867
380 9.640000 -0.002447 -0.023153
381 9.660000 -0.001979 -0.023676
382 9.680000 -0.001509 -0.023276
383 9.700000 -0.001058 -0.021855
384 9.720000 -0.000645 -0.019383
385 9.740000 -0.000293 -0.015908
386 9.760000 -0.000018 -0.011580
387 9.780000 0.000165 -0.006666
388 9.800000 0.000248 -0.001586
389 9.820000 0.000232 0.003095
390 9.840000 0.000135 0.006636
391 9.860000 -0.000013 0.008181
392 9.880000 -0.000166 0.007040
393 9.900000 -0.000266 0.003020
394 9.920000 -0.000264 -0.003225
395 9.940000 -0.000133 -0.009839
396 9.960000 0.000099 -0.013424
397 9.980000 0.000320 -0.008672
398 10.000000 0.000288 0.011948
