# Header information on force file

MeOH_MeOH
N 398 R 2.060000 10.000000

1 2.060000 -971.823120 -12467.451553
2 2.080000 -722.474087 -9281.197547
3 2.100000 -536.850137 -6914.980580
4 2.120000 -398.550527 -5155.308330
5 2.140000 -295.444360 -3845.060013
6 2.160000 -218.543160 -2868.367217
7 2.180000 -161.175813 -2139.617240
8 2.200000 -118.383467 -1595.435613
9 2.220000 -86.474757 -1188.827160
10 2.240000 -62.698213 -884.884720
11 2.260000 -45.000520 -657.639300
12 2.280000 -31.847733 -487.743080
13 2.300000 -22.092870 -360.761663
14 2.320000 -14.877640 -265.912850
15 2.340000 -9.559383 -195.133450
16 2.360000 -5.656713 -142.387510
17 2.380000 -2.808963 -103.152693
18 2.400000 -0.745907 -74.038217
19 2.420000 0.869767 -51.738700
20 2.440000 1.800620 -41.346550
21 2.460000 2.533723 -31.963817
22 2.480000 3.090223 -23.686300
23 2.500000 3.492550 -16.546217
24 2.520000 3.763237 -10.522550
25 2.540000 3.923980 -5.551750
26 2.560000 3.994880 -1.538167
27 2.580000 3.993907 1.635367
28 2.600000 3.936583 4.097083
29 2.620000 3.835857 5.975583
30 2.640000 3.702203 7.389567
31 2.660000 3.543910 8.440083
32 2.680000 3.367413 9.209533
33 2.700000 3.177680 9.763667
34 2.720000 2.978510 10.153350
35 2.740000 2.772810 10.416633
36 2.760000 2.562840 10.580533
37 2.780000 2.350403 10.663117
38 2.800000 2.137017 10.675317
39 2.820000 1.924037 10.622900
40 2.840000 1.712723 10.508367
41 2.860000 1.504313 10.332600
42 2.880000 1.300033 10.095517
43 2.900000 1.101110 9.796650
44 2.920000 0.908790 9.435533
45 2.940000 0.724313 9.012117
46 2.960000 0.548920 8.527217
47 2.980000 0.383817 7.982933
48 3.000000 0.230157 7.383167
49 3.020000 0.088983 6.733967
50 3.040000 -0.038793 6.043983
51 3.060000 -0.152480 5.324617
52 3.080000 -0.251623 4.589617
53 3.100000 -0.336060 3.854133
54 3.120000 -0.405943 3.134050
55 3.140000 -0.461737 2.445267
56 3.160000 -0.504217 1.802733
57 3.180000 -0.534440 1.219883
58 3.200000 -0.553717 0.707650
59 3.220000 -0.563533 0.273900
60 3.240000 -0.565497 -0.077517
61 3.260000 -0.561250 -0.347117
62 3.280000 -0.552387 -0.539300
63 3.300000 -0.540377 -0.661717
64 3.320000 -0.526513 -0.724350
65 3.340000 -0.511883 -0.738833
66 3.360000 -0.497320 -0.717600
67 3.380000 -0.483410 -0.673167
68 3.400000 -0.470507 -0.617300
69 3.420000 -0.458730 -0.560267
70 3.440000 -0.448027 -0.510083
71 3.460000 -0.438207 -0.471933
72 3.480000 -0.429003 -0.448417
73 3.500000 -0.420120 -0.439933
74 3.520000 -0.411270 -0.445167
75 3.540000 -0.402203 -0.461433
76 3.560000 -0.392737 -0.485300
77 3.580000 -0.382753 -0.512800
78 3.600000 -0.372227 -0.540067
79 3.620000 -0.361190 -0.563667
80 3.640000 -0.349740 -0.581067
81 3.660000 -0.338023 -0.590900
82 3.680000 -0.326183 -0.593000
83 3.700000 -0.314373 -0.588083
84 3.720000 -0.302717 -0.577517
85 3.740000 -0.291307 -0.563250
86 3.760000 -0.280203 -0.547400
87 3.780000 -0.269407 -0.532233
88 3.800000 -0.258887 -0.519783
89 3.820000 -0.248570 -0.511800
90 3.840000 -0.238357 -0.509367
91 3.860000 -0.228137 -0.512867
92 3.880000 -0.217787 -0.522067
93 3.900000 -0.207203 -0.536117
94 3.920000 -0.196307 -0.553800
95 3.940000 -0.185030 -0.573650
96 3.960000 -0.173353 -0.594017
97 3.980000 -0.161280 -0.613267
98 4.000000 -0.148850 -0.629867
99 4.020000 -0.136127 -0.642550
100 4.040000 -0.123197 -0.650467
101 4.060000 -0.110160 -0.653200
102 4.080000 -0.097120 -0.650767
103 4.100000 -0.084177 -0.643533
104 4.120000 -0.071420 -0.632133
105 4.140000 -0.058923 -0.617400
106 4.160000 -0.046747 -0.600250
107 4.180000 -0.034930 -0.581600
108 4.200000 -0.023490 -0.562283
109 4.220000 -0.012437 -0.542983
110 4.240000 -0.001767 -0.524183
111 4.260000 0.008537 -0.505983
112 4.280000 0.018480 -0.488283
113 4.300000 0.028070 -0.470733
114 4.320000 0.037303 -0.452883
115 4.340000 0.046177 -0.434167
116 4.360000 0.054657 -0.413983
117 4.380000 0.062713 -0.391783
118 4.400000 0.070303 -0.367150
119 4.420000 0.077373 -0.339767
120 4.440000 0.083867 -0.309583
121 4.460000 0.089730 -0.276783
122 4.480000 0.094917 -0.241783
123 4.500000 0.099387 -0.205167
124 4.520000 0.103113 -0.167617
125 4.540000 0.106087 -0.129867
126 4.560000 0.108313 -0.092683
127 4.580000 0.109807 -0.056717
128 4.600000 0.110600 -0.022533
129 4.620000 0.110730 0.009517
130 4.640000 0.110243 0.039300
131 4.660000 0.109180 0.066917
132 4.680000 0.107583 0.092767
133 4.700000 0.105480 0.117367
134 4.720000 0.102893 0.141350
135 4.740000 0.099827 0.165400
136 4.760000 0.096270 0.190200
137 4.780000 0.092207 0.216317
138 4.800000 0.087600 0.244217
139 4.820000 0.082417 0.274100
140 4.840000 0.076617 0.305933
141 4.860000 0.070163 0.339383
142 4.880000 0.063030 0.373850
143 4.900000 0.055207 0.408517
144 4.920000 0.046700 0.442400
145 4.940000 0.037530 0.474550
146 4.960000 0.027743 0.503867
147 4.980000 0.017413 0.529433
148 5.000000 0.006613 0.550383
149 5.020000 -0.004550 0.566067
150 5.040000 -0.015973 0.576083
151 5.060000 -0.027537 0.580333
152 5.080000 -0.039130 0.578933
153 5.100000 -0.050640 0.572283
154 5.120000 -0.061973 0.560833
155 5.140000 -0.073033 0.545200
156 5.160000 -0.083743 0.526017
157 5.180000 -0.094043 0.503833
158 5.200000 -0.103873 0.479133
159 5.220000 -0.113187 0.452317
160 5.240000 -0.121947 0.423500
161 5.260000 -0.130107 0.392600
162 5.280000 -0.137627 0.359333
163 5.300000 -0.144453 0.323300
164 5.320000 -0.150527 0.283967
165 5.340000 -0.155773 0.240917
166 5.360000 -0.160120 0.193650
167 5.380000 -0.163477 0.141917
168 5.400000 -0.165750 0.085567
169 5.420000 -0.166853 0.024767
170 5.440000 -0.166700 -0.040000
171 5.460000 -0.165220 -0.107950
172 5.480000 -0.162363 -0.177933
173 5.500000 -0.158097 -0.248600
174 5.520000 -0.152427 -0.318450
175 5.540000 -0.145383 -0.385917
176 5.560000 -0.137030 -0.449417
177 5.580000 -0.127460 -0.507450
178 5.600000 -0.116800 -0.558683
179 5.620000 -0.105193 -0.602050
180 5.640000 -0.092803 -0.636750
181 5.660000 -0.079813 -0.662400
182 5.680000 -0.066400 -0.678900
183 5.700000 -0.052747 -0.686517
184 5.720000 -0.039023 -0.685667
185 5.740000 -0.025397 -0.677100
186 5.760000 -0.012010 -0.661533
187 5.780000 0.001003 -0.639917
188 5.800000 0.013537 -0.613200
189 5.820000 0.025490 -0.582267
190 5.840000 0.036793 -0.548067
191 5.860000 0.047387 -0.511300
192 5.880000 0.057227 -0.472700
193 5.900000 0.066283 -0.432833
194 5.920000 0.074533 -0.392250
195 5.940000 0.081970 -0.351417
196 5.960000 0.088590 -0.310733
197 5.980000 0.094403 -0.270567
198 6.000000 0.099423 -0.231300
199 6.020000 0.103670 -0.193267
200 6.040000 0.107170 -0.156833
201 6.060000 0.109963 -0.122350
202 6.080000 0.112087 -0.090150
203 6.100000 0.113593 -0.060600
204 6.120000 0.114540 -0.033983
205 6.140000 0.114987 -0.010567
206 6.160000 0.114997 0.009433
207 6.180000 0.114643 0.025883
208 6.200000 0.113997 0.038783
209 6.220000 0.113127 0.048183
210 6.240000 0.112103 0.054283
211 6.260000 0.110987 0.057383
212 6.280000 0.109833 0.057933
213 6.300000 0.108690 0.056433
214 6.320000 0.107590 0.053433
215 6.340000 0.106560 0.049517
216 6.360000 0.105613 0.045250
217 6.380000 0.104750 0.041167
218 6.400000 0.103960 0.037767
219 6.420000 0.103227 0.035417
220 6.440000 0.102530 0.034383
221 6.460000 0.101837 0.034800
222 6.480000 0.101123 0.036650
223 6.500000 0.100360 0.039883
224 6.520000 0.099517 0.044283
225 6.540000 0.098577 0.049667
226 6.560000 0.097523 0.055717
227 6.580000 0.096343 0.062167
228 6.600000 0.095037 0.068767
229 6.620000 0.093593 0.075283
230 6.640000 0.092027 0.081533
231 6.660000 0.090337 0.087433
232 6.680000 0.088533 0.092933
233 6.700000 0.086623 0.098050
234 6.720000 0.084613 0.102867
235 6.740000 0.082510 0.107400
236 6.760000 0.080320 0.111767
237 6.780000 0.078043 0.116033
238 6.800000 0.075680 0.120250
239 6.820000 0.073233 0.124417
240 6.840000 0.070703 0.128500
241 6.860000 0.068093 0.132400
242 6.880000 0.065410 0.135983
243 6.900000 0.062660 0.139050
244 6.920000 0.059857 0.141383
245 6.940000 0.057013 0.142800
246 6.960000 0.054157 0.143067
247 6.980000 0.051303 0.142050
248 7.000000 0.048487 0.139583
249 7.020000 0.045737 0.135650
250 7.040000 0.043077 0.130183
251 7.060000 0.040543 0.123333
252 7.080000 0.038157 0.115233
253 7.100000 0.035943 0.106100
254 7.120000 0.033920 0.096200
255 7.140000 0.032100 0.085800
256 7.160000 0.030490 0.075200
257 7.180000 0.029090 0.064683
258 7.200000 0.027900 0.054483
259 7.220000 0.026907 0.044833
260 7.240000 0.026100 0.035867
261 7.260000 0.025463 0.027700
262 7.280000 0.024983 0.020333
263 7.300000 0.024643 0.013750
264 7.320000 0.024427 0.007883
265 7.340000 0.024320 0.002633
266 7.360000 0.024317 -0.002100
267 7.380000 0.024400 -0.006433
268 7.400000 0.024570 -0.010450
269 7.420000 0.024817 -0.014250
270 7.440000 0.025137 -0.017867
271 7.460000 0.025530 -0.021300
272 7.480000 0.025987 -0.024517
273 7.500000 0.026507 -0.027483
274 7.520000 0.027083 -0.030117
275 7.540000 0.027707 -0.032333
276 7.560000 0.028373 -0.034067
277 7.580000 0.029067 -0.035283
278 7.600000 0.029777 -0.035917
279 7.620000 0.030497 -0.036000
280 7.640000 0.031213 -0.035550
281 7.660000 0.031913 -0.034700
282 7.680000 0.032597 -0.033567
283 7.700000 0.033257 -0.032350
284 7.720000 0.033893 -0.031217
285 7.740000 0.034507 -0.030333
286 7.760000 0.035110 -0.029917
287 7.780000 0.035710 -0.030067
288 7.800000 0.036320 -0.030950
289 7.820000 0.036957 -0.032567
290 7.840000 0.037630 -0.034900
291 7.860000 0.038360 -0.037900
292 7.880000 0.039150 -0.041400
293 7.900000 0.040017 -0.045200
294 7.920000 0.040960 -0.049067
295 7.940000 0.041977 -0.052750
296 7.960000 0.043067 -0.056017
297 7.980000 0.044213 -0.058633
298 8.000000 0.045403 -0.060383
299 8.020000 0.046617 -0.061133
300 8.040000 0.047837 -0.060800
301 8.060000 0.049040 -0.059367
302 8.080000 0.050200 -0.056917
303 8.100000 0.051307 -0.053550
304 8.120000 0.052337 -0.049433
305 8.140000 0.053277 -0.044783
306 8.160000 0.054123 -0.039783
307 8.180000 0.054870 -0.034683
308 8.200000 0.055513 -0.029700
309 8.220000 0.056060 -0.025033
310 8.240000 0.056520 -0.020883
311 8.260000 0.056900 -0.017367
312 8.280000 0.057220 -0.014583
313 8.300000 0.057493 -0.012633
314 8.320000 0.057733 -0.011483
315 8.340000 0.057960 -0.011183
316 8.360000 0.058190 -0.011617
317 8.380000 0.058433 -0.012717
318 8.400000 0.058703 -0.014383
319 8.420000 0.059010 -0.016400
320 8.440000 0.059360 -0.018600
321 8.460000 0.059753 -0.020733
322 8.480000 0.060187 -0.022550
323 8.500000 0.060650 -0.023800
324 8.520000 0.061130 -0.024233
325 8.540000 0.061610 -0.023617
326 8.560000 0.062063 -0.021783
327 8.580000 0.062467 -0.018617
328 8.600000 0.062793 -0.014100
329 8.620000 0.063017 -0.008217
330 8.640000 0.063113 -0.001200
331 8.660000 0.063057 0.006750
332 8.680000 0.062837 0.015250
333 8.700000 0.062447 0.023883
334 8.720000 0.061883 0.032200
335 8.740000 0.061163 0.039767
336 8.760000 0.060307 0.046167
337 8.780000 0.059333 0.051033
338 8.800000 0.058280 0.054133
339 8.820000 0.057187 0.055350
340 8.840000 0.056087 0.054683
341 8.860000 0.055017 0.052333
342 8.880000 0.054007 0.048650
343 8.900000 0.053080 0.044067
344 8.920000 0.052247 0.039133
345 8.940000 0.051513 0.034333
346 8.960000 0.050867 0.030250
347 8.980000 0.050290 0.027317
348 9.000000 0.049760 0.025900
349 9.020000 0.049237 0.026233
350 9.040000 0.048690 0.028400
351 9.060000 0.048087 0.032233
352 9.080000 0.047387 0.037450
353 9.100000 0.046577 0.043600
354 9.120000 0.045640 0.050150
355 9.140000 0.044573 0.056517
356 9.160000 0.043387 0.062183
357 9.180000 0.042100 0.066617
358 9.200000 0.040740 0.069383
359 9.220000 0.039343 0.070233
360 9.240000 0.037950 0.069033
361 9.260000 0.036600 0.065933
362 9.280000 0.035330 0.061217
363 9.300000 0.034163 0.055283
364 9.320000 0.033123 0.048683
365 9.340000 0.032217 0.042017
366 9.360000 0.031437 0.035867
367 9.380000 0.030770 0.030800
368 9.400000 0.030190 0.027317
369 9.420000 0.029660 0.025783
370 9.440000 0.029137 0.026433
371 9.460000 0.028580 0.029283
372 9.480000 0.027947 0.034200
373 9.500000 0.027193 0.040883
374 9.520000 0.026297 0.048917
375 9.540000 0.025230 0.057833
376 9.560000 0.023980 0.067033
377 9.580000 0.022550 0.075917
378 9.600000 0.020953 0.083850
379 9.620000 0.019213 0.090267
380 9.640000 0.017363 0.094600
381 9.660000 0.015453 0.096400
382 9.680000 0.013537 0.095267
383 9.700000 0.011673 0.091000
384 9.720000 0.009927 0.083600
385 9.740000 0.008360 0.073300
386 9.760000 0.007020 0.060600
387 9.780000 0.005950 0.046317
388 9.800000 0.005170 0.031667
389 9.820000 0.004673 0.018233
390 9.840000 0.004410 0.008050
391 9.860000 0.004293 0.003417
392 9.880000 0.004200 0.006167
393 9.900000 0.003970 0.016783
394 9.920000 0.003467 0.033467
395 9.940000 0.002620 0.051200
396 9.960000 0.001500 0.060833
397 9.980000 0.000410 0.048117
398 10.000000 0.000000 -0.007133
