# Header information on force file

MeOH_MeOH
N 398 R 2.060000 10.000000

1 2.060000 133.487306 1240.241595
2 2.080000 108.682474 1005.122561
3 2.100000 88.580023 816.209166
4 2.120000 72.255840 664.105707
5 2.140000 58.973725 541.390085
6 2.160000 48.145924 442.186226
7 2.180000 39.302199 361.831908
8 2.200000 32.065561 296.620101
9 2.220000 26.133159 243.597081
10 2.240000 21.261217 200.404501
11 2.260000 17.253127 165.155571
12 2.280000 13.950016 136.337767
13 2.300000 11.223261 112.736226
14 2.320000 8.968536 93.373294
15 2.340000 7.101070 77.460727
16 2.360000 5.551856 64.361816
17 2.380000 4.264619 53.561320
18 2.400000 3.193393 44.641549
19 2.420000 2.219336 25.020247
20 2.440000 1.688380 28.075443
21 2.460000 1.127451 28.017369
22 2.480000 0.587030 26.024743
23 2.500000 0.096914 22.986897
24 2.520000 -0.328374 19.541948
25 2.540000 -0.684944 16.114973
26 2.560000 -0.975655 12.956114
27 2.580000 -1.207004 10.178822
28 2.600000 -1.386771 7.797920
29 2.620000 -1.522429 5.767819
30 2.640000 -1.620310 4.020337
31 2.660000 -1.685453 2.493887
32 2.680000 -1.721799 1.140733
33 2.700000 -1.732463 -0.074360
34 2.720000 -1.719961 -1.175835
35 2.740000 -1.686412 -2.179026
36 2.760000 -1.633703 -3.091891
37 2.780000 -1.563617 -3.916655
38 2.800000 -1.477935 -4.651571
39 2.820000 -1.378494 -5.292564
40 2.840000 -1.267219 -5.834957
41 2.860000 -1.146121 -6.274790
42 2.880000 -1.017280 -6.609279
43 2.900000 -0.882818 -6.836946
44 2.920000 -0.744872 -6.957672
45 2.940000 -0.605566 -6.972898
46 2.960000 -0.466981 -6.885600
47 2.980000 -0.331121 -6.700497
48 3.000000 -0.199875 -6.424072
49 3.020000 -0.074987 -6.064727
50 3.040000 0.041989 -5.632855
51 3.060000 0.149726 -5.140805
52 3.080000 0.247158 -4.602454
53 3.100000 0.333510 -4.032703
54 3.120000 0.408306 -3.446905
55 3.140000 0.471378 -2.860299
56 3.160000 0.522856 -2.287528
57 3.180000 0.563151 -1.741985
58 3.200000 0.592925 -1.235379
59 3.220000 0.613050 -0.777096
60 3.240000 0.624558 -0.373714
61 3.260000 0.628581 -0.028646
62 3.280000 0.626292 0.257583
63 3.300000 0.618847 0.486942
64 3.320000 0.607344 0.663355
65 3.340000 0.592787 0.792339
66 3.360000 0.576059 0.880435
67 3.380000 0.557906 0.934817
68 3.400000 0.538930 0.962830
69 3.420000 0.519587 0.971477
70 3.440000 0.500202 0.967013
71 3.460000 0.480986 0.954589
72 3.480000 0.462058 0.938241
73 3.500000 0.443465 0.921030
74 3.520000 0.425204 0.905111
75 3.540000 0.407234 0.891901
76 3.560000 0.389493 0.882186
77 3.580000 0.371909 0.876190
78 3.600000 0.354409 0.873790
79 3.620000 0.336926 0.874542
80 3.640000 0.319402 0.877855
81 3.660000 0.301793 0.883072
82 3.680000 0.284067 0.889496
83 3.700000 0.266208 0.896443
84 3.720000 0.248211 0.903260
85 3.740000 0.230085 0.909319
86 3.760000 0.211851 0.914078
87 3.780000 0.193540 0.917053
88 3.800000 0.175190 0.917924
89 3.820000 0.156846 0.916449
90 3.840000 0.138556 0.912568
91 3.860000 0.120366 0.906382
92 3.880000 0.102321 0.898140
93 3.900000 0.084458 0.888161
94 3.920000 0.066808 0.876857
95 3.940000 0.049393 0.864635
96 3.960000 0.032228 0.851874
97 3.980000 0.015320 0.838920
98 4.000000 -0.001329 0.826009
99 4.020000 -0.017722 0.813229
100 4.040000 -0.033859 0.800480
101 4.060000 -0.049738 0.787480
102 4.080000 -0.065351 0.773785
103 4.100000 -0.080677 0.758798
104 4.120000 -0.095684 0.741908
105 4.140000 -0.110327 0.722430
106 4.160000 -0.124549 0.699745
107 4.180000 -0.138279 0.673301
108 4.200000 -0.151439 0.642687
109 4.220000 -0.163943 0.607682
110 4.240000 -0.175703 0.568292
111 4.260000 -0.186633 0.524777
112 4.280000 -0.196657 0.477620
113 4.300000 -0.205709 0.427509
114 4.320000 -0.213736 0.375215
115 4.340000 -0.220704 0.321601
116 4.360000 -0.226595 0.267512
117 4.380000 -0.231408 0.213774
118 4.400000 -0.235157 0.161090
119 4.420000 -0.237868 0.110014
120 4.440000 -0.239577 0.060888
121 4.460000 -0.240324 0.013807
122 4.480000 -0.240148 -0.031338
123 4.500000 -0.239087 -0.074836
124 4.520000 -0.237168 -0.117033
125 4.540000 -0.234414 -0.158374
126 4.560000 -0.230838 -0.199251
127 4.580000 -0.226446 -0.240018
128 4.600000 -0.221236 -0.280917
129 4.620000 -0.215207 -0.321972
130 4.640000 -0.208356 -0.363041
131 4.660000 -0.200690 -0.403666
132 4.680000 -0.192221 -0.443212
133 4.700000 -0.182979 -0.480892
134 4.720000 -0.173013 -0.515855
135 4.740000 -0.162382 -0.547221
136 4.760000 -0.151167 -0.574210
137 4.780000 -0.139464 -0.596156
138 4.800000 -0.127375 -0.612639
139 4.820000 -0.115015 -0.623480
140 4.840000 -0.102491 -0.628865
141 4.860000 -0.089909 -0.629390
142 4.880000 -0.077355 -0.625968
143 4.900000 -0.064898 -0.619749
144 4.920000 -0.052580 -0.612063
145 4.940000 -0.040416 -0.604282
146 4.960000 -0.028395 -0.597805
147 4.980000 -0.016479 -0.593895
148 5.000000 -0.004603 -0.593634
149 5.020000 0.007312 -0.597822
150 5.040000 0.019359 -0.606885
151 5.060000 0.031636 -0.620846
152 5.080000 0.044238 -0.639306
153 5.100000 0.057246 -0.661543
154 5.120000 0.070727 -0.686544
155 5.140000 0.084722 -0.713020
156 5.160000 0.099248 -0.739566
157 5.180000 0.114290 -0.764605
158 5.200000 0.129801 -0.786502
159 5.220000 0.145702 -0.803643
160 5.240000 0.161883 -0.814407
161 5.260000 0.178200 -0.817283
162 5.280000 0.194482 -0.810932
163 5.300000 0.210533 -0.794183
164 5.320000 0.226136 -0.766116
165 5.340000 0.241058 -0.726102
166 5.360000 0.255058 -0.673856
167 5.380000 0.267891 -0.609466
168 5.400000 0.279321 -0.533484
169 5.420000 0.289125 -0.446920
170 5.440000 0.297107 -0.351322
171 5.460000 0.303108 -0.248803
172 5.480000 0.307015 -0.141875
173 5.500000 0.308768 -0.033356
174 5.520000 0.308363 0.073777
175 5.540000 0.305860 0.176552
176 5.560000 0.301373 0.272144
177 5.580000 0.295072 0.358001
178 5.600000 0.287172 0.432023
179 5.620000 0.277924 0.492664
180 5.640000 0.267607 0.539101
181 5.660000 0.256503 0.571322
182 5.680000 0.244889 0.590011
183 5.700000 0.233024 0.596462
184 5.720000 0.221136 0.592388
185 5.740000 0.209414 0.579806
186 5.760000 0.198007 0.560900
187 5.780000 0.187020 0.537845
188 5.800000 0.176514 0.512685
189 5.820000 0.166515 0.487218
190 5.840000 0.157015 0.462831
191 5.860000 0.147983 0.440380
192 5.880000 0.139376 0.420272
193 5.900000 0.131149 0.402517
194 5.920000 0.123255 0.386856
195 5.940000 0.115658 0.372762
196 5.960000 0.108334 0.359612
197 5.980000 0.101271 0.346723
198 6.000000 0.094470 0.333449
199 6.020000 0.087942 0.319261
200 6.040000 0.081712 0.303814
201 6.060000 0.075803 0.287078
202 6.080000 0.070240 0.269182
203 6.100000 0.065044 0.250489
204 6.120000 0.060224 0.231472
205 6.140000 0.055783 0.212682
206 6.160000 0.051709 0.194687
207 6.180000 0.047981 0.178036
208 6.200000 0.044569 0.163172
209 6.220000 0.041434 0.150403
210 6.240000 0.038531 0.139872
211 6.260000 0.035817 0.131474
212 6.280000 0.033253 0.124913
213 6.300000 0.030807 0.119755
214 6.320000 0.028455 0.115417
215 6.340000 0.026188 0.111329
216 6.360000 0.024006 0.106844
217 6.380000 0.021923 0.101388
218 6.400000 0.019965 0.094474
219 6.420000 0.018163 0.085719
220 6.440000 0.016556 0.074954
221 6.460000 0.015185 0.062172
222 6.480000 0.014088 0.047583
223 6.500000 0.013296 0.031539
224 6.520000 0.012836 0.014508
225 6.540000 0.012721 -0.002971
226 6.560000 0.012953 -0.020320
227 6.580000 0.013526 -0.036963
228 6.600000 0.014419 -0.052344
229 6.620000 0.015603 -0.066000
230 6.640000 0.017038 -0.077555
231 6.660000 0.018681 -0.086815
232 6.680000 0.020487 -0.093658
233 6.700000 0.022404 -0.098121
234 6.720000 0.024389 -0.100343
235 6.740000 0.026398 -0.100512
236 6.760000 0.028392 -0.098944
237 6.780000 0.030341 -0.095966
238 6.800000 0.032221 -0.091977
239 6.820000 0.034014 -0.087395
240 6.840000 0.035715 -0.082640
241 6.860000 0.037323 -0.078153
242 6.880000 0.038848 -0.074331
243 6.900000 0.040307 -0.071568
244 6.920000 0.041724 -0.070171
245 6.940000 0.043130 -0.070399
246 6.960000 0.044558 -0.072439
247 6.980000 0.046046 -0.076365
248 7.000000 0.047631 -0.082143
249 7.020000 0.049349 -0.089589
250 7.040000 0.051229 -0.098422
251 7.060000 0.053294 -0.108142
252 7.080000 0.055558 -0.118199
253 7.100000 0.058019 -0.127925
254 7.120000 0.060664 -0.136628
255 7.140000 0.063467 -0.143623
256 7.160000 0.066386 -0.148302
257 7.180000 0.069371 -0.150123
258 7.200000 0.072358 -0.148705
259 7.220000 0.075284 -0.143840
260 7.240000 0.078078 -0.135569
261 7.260000 0.080675 -0.124156
262 7.280000 0.083018 -0.110088
263 7.300000 0.085059 -0.094017
264 7.320000 0.086766 -0.076705
265 7.340000 0.088123 -0.058979
266 7.360000 0.089129 -0.041646
267 7.380000 0.089801 -0.025493
268 7.400000 0.090167 -0.011182
269 7.420000 0.090272 0.000779
270 7.440000 0.090163 0.010096
271 7.460000 0.089894 0.016725
272 7.480000 0.089519 0.020819
273 7.500000 0.089084 0.022709
274 7.520000 0.088628 0.022883
275 7.540000 0.088181 0.021869
276 7.560000 0.087759 0.020268
277 7.580000 0.087370 0.018633
278 7.600000 0.087009 0.017487
279 7.620000 0.086661 0.017243
280 7.640000 0.086307 0.018161
281 7.660000 0.085923 0.020314
282 7.680000 0.085483 0.023651
283 7.700000 0.084967 0.027948
284 7.720000 0.084358 0.032939
285 7.740000 0.083646 0.038246
286 7.760000 0.082829 0.043499
287 7.780000 0.081910 0.048355
288 7.800000 0.080902 0.052482
289 7.820000 0.079821 0.055646
290 7.840000 0.078687 0.057718
291 7.860000 0.077522 0.058731
292 7.880000 0.076347 0.058801
293 7.900000 0.075178 0.058148
294 7.920000 0.074025 0.057077
295 7.940000 0.072896 0.055918
296 7.960000 0.071787 0.054978
297 7.980000 0.070691 0.054603
298 8.000000 0.069594 0.055040
299 8.020000 0.068479 0.056469
300 8.040000 0.067324 0.058986
301 8.060000 0.066109 0.062536
302 8.080000 0.064814 0.066989
303 8.100000 0.063423 0.072088
304 8.120000 0.061927 0.077561
305 8.140000 0.060321 0.083059
306 8.160000 0.058608 0.088241
307 8.180000 0.056797 0.092775
308 8.200000 0.054906 0.096370
309 8.220000 0.052954 0.098785
310 8.240000 0.050968 0.099880
311 8.260000 0.048973 0.099606
312 8.280000 0.046997 0.097996
313 8.300000 0.045065 0.095179
314 8.320000 0.043200 0.091336
315 8.340000 0.041420 0.086680
316 8.360000 0.039738 0.081467
317 8.380000 0.038164 0.075940
318 8.400000 0.036701 0.070364
319 8.420000 0.035348 0.064949
320 8.440000 0.034100 0.059874
321 8.460000 0.032949 0.055264
322 8.480000 0.031884 0.051206
323 8.500000 0.030895 0.047714
324 8.520000 0.029970 0.044778
325 8.540000 0.029098 0.042367
326 8.560000 0.028271 0.040407
327 8.580000 0.027479 0.038821
328 8.600000 0.026715 0.037515
329 8.620000 0.025976 0.036385
330 8.640000 0.025259 0.035342
331 8.660000 0.024562 0.034299
332 8.680000 0.023887 0.033178
333 8.700000 0.023237 0.031922
334 8.720000 0.022612 0.030494
335 8.740000 0.022019 0.028844
336 8.760000 0.021461 0.026977
337 8.780000 0.020943 0.024890
338 8.800000 0.020467 0.022626
339 8.820000 0.020038 0.020224
340 8.840000 0.019659 0.017772
341 8.860000 0.019327 0.015361
342 8.880000 0.019043 0.013096
343 8.900000 0.018800 0.011113
344 8.920000 0.018594 0.009530
345 8.940000 0.018415 0.008426
346 8.960000 0.018251 0.007897
347 8.980000 0.018093 0.007967
348 9.000000 0.017926 0.008654
349 9.020000 0.017741 0.009869
350 9.040000 0.017527 0.011508
351 9.060000 0.017279 0.013369
352 9.080000 0.016993 0.015187
353 9.100000 0.016674 0.016728
354 9.120000 0.016330 0.017689
355 9.140000 0.015975 0.017821
356 9.160000 0.015627 0.016921
357 9.180000 0.015310 0.014848
358 9.200000 0.015045 0.011564
359 9.220000 0.014859 0.007130
360 9.240000 0.014769 0.001791
361 9.260000 0.014793 -0.004103
362 9.280000 0.014934 -0.010040
363 9.300000 0.015189 -0.015469
364 9.320000 0.015542 -0.019802
365 9.340000 0.015964 -0.022444
366 9.360000 0.016418 -0.022890
367 9.380000 0.016854 -0.020765
368 9.400000 0.017220 -0.015811
369 9.420000 0.017458 -0.008019
370 9.440000 0.017514 0.002392
371 9.460000 0.017341 0.014948
372 9.480000 0.016903 0.028890
373 9.500000 0.016180 0.043349
374 9.520000 0.015173 0.057363
375 9.540000 0.013900 0.069948
376 9.560000 0.012398 0.080187
377 9.580000 0.010724 0.087294
378 9.600000 0.008944 0.090674
379 9.620000 0.007137 0.090036
380 9.640000 0.005383 0.085406
381 9.660000 0.003756 0.077205
382 9.680000 0.002323 0.066175
383 9.700000 0.001128 0.053292
384 9.720000 0.000198 0.039660
385 9.740000 -0.000463 0.026425
386 9.760000 -0.000873 0.014683
387 9.780000 -0.001074 0.005381
388 9.800000 -0.001120 -0.000794
389 9.820000 -0.001077 -0.003484
390 9.840000 -0.001015 -0.002759
391 9.860000 -0.000995 0.000781
392 9.880000 -0.001062 0.005917
393 9.900000 -0.001229 0.010761
394 9.920000 -0.001463 0.012664
395 9.940000 -0.001671 0.008127
396 9.960000 -0.001680 -0.007267
397 9.980000 -0.001218 -0.038917
398 10.000000 0.000105 -0.093301
