# Header information on force file

MeOH_MeOH
N 398 R 2.060000 10.000000

1 2.060000 275.247373 2107.656053
2 2.080000 233.094250 1768.539997
3 2.100000 197.723450 1485.335057
4 2.120000 168.016750 1248.652643
5 2.140000 143.043697 1050.697097
6 2.160000 122.029753 884.995730
7 2.180000 104.329840 746.173737
8 2.200000 89.406367 629.766853
9 2.220000 76.811030 532.065793
10 2.240000 66.169713 449.987140
11 2.260000 57.169970 380.966373
12 2.280000 49.550643 322.869237
13 2.300000 43.093257 273.918347
14 2.320000 37.614890 232.632457
15 2.340000 32.962243 197.776163
16 2.360000 29.006717 168.318273
17 2.380000 25.640353 143.397330
18 2.400000 22.772407 122.293033
19 2.420000 19.282527 118.567467
20 2.440000 17.173543 92.330517
21 2.460000 15.500690 74.955120
22 2.480000 14.115643 63.549360
23 2.500000 12.920940 55.920750
24 2.520000 11.856897 50.483630
25 2.540000 10.890397 46.166527
26 2.560000 10.005533 42.319730
27 2.580000 9.196113 38.622450
28 2.600000 8.459980 34.990537
29 2.620000 7.795240 31.483717
30 2.640000 7.198263 28.213833
31 2.660000 6.663383 25.274210
32 2.680000 6.183417 22.722573
33 2.700000 5.750340 20.585037
34 2.720000 5.355880 18.860940
35 2.740000 4.991993 17.527630
36 2.760000 4.651263 16.545387
37 2.780000 4.327187 15.862083
38 2.800000 4.014387 15.418187
39 2.820000 3.708690 15.151423
40 2.840000 3.407160 15.001690
41 2.860000 3.107997 14.914713
42 2.880000 2.810417 14.843117
43 2.900000 2.514520 14.746503
44 2.920000 2.221143 14.591260
45 2.940000 1.931720 14.350870
46 2.960000 1.648157 14.005483
47 2.980000 1.372683 13.542247
48 3.000000 1.107710 12.955013
49 3.020000 0.855713 12.244503
50 3.040000 0.619087 11.418190
51 3.060000 0.400003 10.490020
52 3.080000 0.200313 9.479287
53 3.100000 0.021423 8.409403
54 3.120000 -0.135733 7.306510
55 3.140000 -0.270780 6.198043
56 3.160000 -0.383877 5.111637
57 3.180000 -0.475727 4.073407
58 3.200000 -0.547530 3.106997
59 3.220000 -0.600920 2.231930
60 3.240000 -0.637867 1.462470
61 3.260000 -0.660553 0.806643
62 3.280000 -0.671290 0.266763
63 3.300000 -0.672360 -0.159927
64 3.320000 -0.665957 -0.480123
65 3.340000 -0.654117 -0.703940
66 3.360000 -0.638640 -0.843667
67 3.380000 -0.621070 -0.913160
68 3.400000 -0.602670 -0.926950
69 3.420000 -0.584410 -0.899230
70 3.440000 -0.566987 -0.843137
71 3.460000 -0.550853 -0.770057
72 3.480000 -0.536260 -0.689497
73 3.500000 -0.523270 -0.609290
74 3.520000 -0.511823 -0.535550
75 3.540000 -0.501740 -0.472940
76 3.560000 -0.492760 -0.424760
77 3.580000 -0.484583 -0.392903
78 3.600000 -0.476870 -0.378270
79 3.620000 -0.469283 -0.380600
80 3.640000 -0.461490 -0.398763
81 3.660000 -0.453193 -0.430843
82 3.680000 -0.444143 -0.474240
83 3.700000 -0.434143 -0.525960
84 3.720000 -0.423053 -0.582790
85 3.740000 -0.410813 -0.641383
86 3.760000 -0.397413 -0.698567
87 3.780000 -0.382913 -0.751377
88 3.800000 -0.367423 -0.797500
89 3.820000 -0.351097 -0.835120
90 3.840000 -0.334113 -0.863360
91 3.860000 -0.316657 -0.882283
92 3.880000 -0.298907 -0.892820
93 3.900000 -0.281013 -0.896447
94 3.920000 -0.263097 -0.895163
95 3.940000 -0.245233 -0.891133
96 3.960000 -0.227457 -0.886493
97 3.980000 -0.209760 -0.883300
98 4.000000 -0.192097 -0.883173
99 4.020000 -0.174390 -0.887117
100 4.040000 -0.156567 -0.895300
101 4.060000 -0.138547 -0.907043
102 4.080000 -0.120267 -0.920883
103 4.100000 -0.101710 -0.934663
104 4.120000 -0.082903 -0.946013
105 4.140000 -0.063923 -0.952210
106 4.160000 -0.044893 -0.950677
107 4.180000 -0.025997 -0.939020
108 4.200000 -0.007453 -0.915327
109 4.220000 0.010487 -0.878363
110 4.240000 0.027547 -0.827737
111 4.260000 0.043463 -0.764017
112 4.280000 0.057990 -0.688620
113 4.300000 0.070913 -0.603737
114 4.320000 0.082070 -0.511900
115 4.340000 0.091350 -0.415990
116 4.360000 0.098697 -0.318863
117 4.380000 0.104120 -0.223317
118 4.400000 0.107670 -0.131723
119 4.420000 0.109447 -0.045923
120 4.440000 0.109577 0.032997
121 4.460000 0.108197 0.104843
122 4.480000 0.105447 0.170167
123 4.500000 0.101443 0.230177
124 4.520000 0.096280 0.286320
125 4.540000 0.090010 0.340410
126 4.560000 0.082667 0.394123
127 4.580000 0.074237 0.449037
128 4.600000 0.064680 0.506360
129 4.620000 0.053953 0.566593
130 4.640000 0.041987 0.629683
131 4.660000 0.028747 0.694513
132 4.680000 0.014207 0.759357
133 4.700000 -0.001607 0.821940
134 4.720000 -0.018620 0.879727
135 4.740000 -0.036717 0.930020
136 4.760000 -0.055723 0.970373
137 4.780000 -0.075413 0.998623
138 4.800000 -0.095533 1.013317
139 4.820000 -0.115800 1.013683
140 4.840000 -0.135940 1.000020
141 4.860000 -0.155677 0.973853
142 4.880000 -0.174793 0.937660
143 4.900000 -0.193117 0.894620
144 4.920000 -0.210547 0.848483
145 4.940000 -0.227063 0.803150
146 4.960000 -0.242723 0.762653
147 4.980000 -0.257653 0.730657
148 5.000000 -0.272063 0.710353
149 5.020000 -0.286210 0.704157
150 5.040000 -0.300387 0.713440
151 5.060000 -0.314907 0.738473
152 5.080000 -0.330073 0.778323
153 5.100000 -0.346167 0.831183
154 5.120000 -0.363423 0.894423
155 5.140000 -0.382013 0.964633
156 5.160000 -0.402040 1.038117
157 5.180000 -0.423530 1.110670
158 5.200000 -0.446417 1.177950
159 5.220000 -0.470550 1.235693
160 5.240000 -0.495707 1.279593
161 5.260000 -0.521560 1.305673
162 5.280000 -0.547720 1.310437
163 5.300000 -0.573730 1.290813
164 5.320000 -0.599083 1.244403
165 5.340000 -0.623223 1.169553
166 5.360000 -0.645573 1.065500
167 5.380000 -0.665553 0.932417
168 5.400000 -0.682597 0.771677
169 5.420000 -0.696170 0.585790
170 5.440000 -0.705813 0.378620
171 5.460000 -0.711153 0.155480
172 5.480000 -0.711933 -0.077363
173 5.500000 -0.708033 -0.312873
174 5.520000 -0.699467 -0.543647
175 5.540000 -0.686407 -0.762333
176 5.560000 -0.669163 -0.962003
177 5.580000 -0.648180 -1.136470
178 5.600000 -0.624010 -1.280763
179 5.620000 -0.597283 -1.391370
180 5.640000 -0.568707 -1.466683
181 5.660000 -0.538967 -1.507237
182 5.680000 -0.508740 -1.515357
183 5.700000 -0.478637 -1.494953
184 5.720000 -0.449177 -1.450960
185 5.740000 -0.420777 -1.389043
186 5.760000 -0.393737 -1.315217
187 5.780000 -0.368230 -1.235343
188 5.800000 -0.344327 -1.154797
189 5.820000 -0.321997 -1.078170
190 5.840000 -0.301130 -1.008810
191 5.860000 -0.281557 -0.948463
192 5.880000 -0.263097 -0.897557
193 5.900000 -0.245570 -0.855370
194 5.920000 -0.228810 -0.820437
195 5.940000 -0.212697 -0.790533
196 5.960000 -0.197160 -0.763233
197 5.980000 -0.182167 -0.736027
198 6.000000 -0.167743 -0.706613
199 6.020000 -0.153943 -0.673157
200 6.040000 -0.140870 -0.634497
201 6.060000 -0.128617 -0.590573
202 6.080000 -0.117293 -0.541890
203 6.100000 -0.106977 -0.489763
204 6.120000 -0.097720 -0.435897
205 6.140000 -0.089540 -0.382267
206 6.160000 -0.082407 -0.330917
207 6.180000 -0.076257 -0.283817
208 6.200000 -0.070993 -0.242583
209 6.220000 -0.066487 -0.208357
210 6.240000 -0.062587 -0.181707
211 6.260000 -0.059143 -0.162347
212 6.280000 -0.056027 -0.149320
213 6.300000 -0.053123 -0.141190
214 6.320000 -0.050350 -0.136003
215 6.340000 -0.047673 -0.131843
216 6.360000 -0.045090 -0.126523
217 6.380000 -0.042640 -0.118100
218 6.400000 -0.040413 -0.104927
219 6.420000 -0.038507 -0.085707
220 6.440000 -0.037050 -0.059877
221 6.460000 -0.036177 -0.027427
222 6.480000 -0.036013 0.010920
223 6.500000 -0.036660 0.053947
224 6.520000 -0.038200 0.100060
225 6.540000 -0.040677 0.147427
226 6.560000 -0.044090 0.194093
227 6.580000 -0.048413 0.238127
228 6.600000 -0.053570 0.277680
229 6.620000 -0.059460 0.311250
230 6.640000 -0.065947 0.337640
231 6.660000 -0.072887 0.356310
232 6.680000 -0.080123 0.366977
233 6.700000 -0.087490 0.369907
234 6.720000 -0.094847 0.365720
235 6.740000 -0.102057 0.355203
236 6.760000 -0.109003 0.339547
237 6.780000 -0.115597 0.319973
238 6.800000 -0.121777 0.297910
239 6.820000 -0.127503 0.274813
240 6.840000 -0.132773 0.252100
241 6.860000 -0.137607 0.231207
242 6.880000 -0.142053 0.213380
243 6.900000 -0.146187 0.199813
244 6.920000 -0.150097 0.191397
245 6.940000 -0.153900 0.188847
246 6.960000 -0.157713 0.192637
247 6.980000 -0.161667 0.202867
248 7.000000 -0.165890 0.219303
249 7.020000 -0.170497 0.241243
250 7.040000 -0.175587 0.267697
251 7.060000 -0.181230 0.296993
252 7.080000 -0.187477 0.327340
253 7.100000 -0.194317 0.356580
254 7.120000 -0.201703 0.382500
255 7.140000 -0.209560 0.402920
256 7.160000 -0.217747 0.415927
257 7.180000 -0.226107 0.419817
258 7.200000 -0.234437 0.413410
259 7.220000 -0.242533 0.396073
260 7.240000 -0.250173 0.367970
261 7.260000 -0.257150 0.329970
262 7.280000 -0.263290 0.283643
263 7.300000 -0.268437 0.231093
264 7.320000 -0.272493 0.174760
265 7.340000 -0.275413 0.117303
266 7.360000 -0.277200 0.061300
267 7.380000 -0.277907 0.009287
268 7.400000 -0.277633 -0.036617
269 7.420000 -0.276520 -0.074763
270 7.440000 -0.274730 -0.104193
271 7.460000 -0.272440 -0.124737
272 7.480000 -0.269823 -0.136850
273 7.500000 -0.267043 -0.141557
274 7.520000 -0.264223 -0.140387
275 7.540000 -0.261470 -0.135003
276 7.560000 -0.258843 -0.127320
277 7.580000 -0.256380 -0.119100
278 7.600000 -0.254070 -0.112040
279 7.620000 -0.251873 -0.107497
280 7.640000 -0.249733 -0.106367
281 7.660000 -0.247583 -0.108973
282 7.680000 -0.245340 -0.115270
283 7.700000 -0.242940 -0.124667
284 7.720000 -0.240327 -0.136440
285 7.740000 -0.237467 -0.149513
286 7.760000 -0.234347 -0.162823
287 7.780000 -0.230963 -0.175380
288 7.800000 -0.227347 -0.186197
289 7.820000 -0.223540 -0.194577
290 7.840000 -0.219593 -0.200107
291 7.860000 -0.215563 -0.202863
292 7.880000 -0.211503 -0.203143
293 7.900000 -0.207457 -0.201540
294 7.920000 -0.203450 -0.198913
295 7.940000 -0.199503 -0.196180
296 7.960000 -0.195600 -0.194190
297 7.980000 -0.191717 -0.193923
298 8.000000 -0.187817 -0.196060
299 8.020000 -0.183843 -0.201093
300 8.040000 -0.179740 -0.209287
301 8.060000 -0.175443 -0.220453
302 8.080000 -0.170897 -0.234217
303 8.100000 -0.166057 -0.249810
304 8.120000 -0.160893 -0.266443
305 8.140000 -0.155400 -0.283097
306 8.160000 -0.149580 -0.298763
307 8.180000 -0.143467 -0.312477
308 8.200000 -0.137110 -0.323380
309 8.220000 -0.130567 -0.330750
310 8.240000 -0.123920 -0.334160
311 8.260000 -0.117243 -0.333437
312 8.280000 -0.110623 -0.328637
313 8.300000 -0.104133 -0.320107
314 8.320000 -0.097850 -0.308337
315 8.340000 -0.091827 -0.293917
316 8.360000 -0.086110 -0.277580
317 8.380000 -0.080737 -0.260020
318 8.400000 -0.075713 -0.242037
319 8.420000 -0.071053 -0.224263
320 8.440000 -0.066737 -0.207280
321 8.460000 -0.062750 -0.191533
322 8.480000 -0.059060 -0.177380
323 8.500000 -0.055637 -0.164977
324 8.520000 -0.052443 -0.154397
325 8.540000 -0.049440 -0.145673
326 8.560000 -0.046600 -0.138670
327 8.580000 -0.043883 -0.133243
328 8.600000 -0.041257 -0.129153
329 8.620000 -0.038703 -0.126093
330 8.640000 -0.036207 -0.123750
331 8.660000 -0.033750 -0.121770
332 8.680000 -0.031333 -0.119770
333 8.700000 -0.028963 -0.117417
334 8.720000 -0.026643 -0.114410
335 8.740000 -0.024397 -0.110410
336 8.760000 -0.022240 -0.105260
337 8.780000 -0.020200 -0.098807
338 8.800000 -0.018300 -0.091080
339 8.820000 -0.016567 -0.082150
340 8.840000 -0.015023 -0.072307
341 8.860000 -0.013680 -0.061930
342 8.880000 -0.012547 -0.051503
343 8.900000 -0.011613 -0.041653
344 8.920000 -0.010867 -0.032980
345 8.940000 -0.010280 -0.025953
346 8.960000 -0.009807 -0.021103
347 8.980000 -0.009410 -0.018690
348 9.000000 -0.009033 -0.018913
349 9.020000 -0.008630 -0.021553
350 9.040000 -0.008150 -0.026270
351 9.060000 -0.007567 -0.032313
352 9.080000 -0.006857 -0.038643
353 9.100000 -0.006027 -0.044280
354 9.120000 -0.005103 -0.047977
355 9.140000 -0.004140 -0.048653
356 9.160000 -0.003197 -0.045400
357 9.180000 -0.002370 -0.037533
358 9.200000 -0.001743 -0.024767
359 9.220000 -0.001427 -0.007213
360 9.240000 -0.001497 0.014310
361 9.260000 -0.002027 0.038543
362 9.280000 -0.003047 0.063593
363 9.300000 -0.004557 0.087377
364 9.320000 -0.006507 0.107647
365 9.340000 -0.008803 0.122127
366 9.360000 -0.011317 0.128843
367 9.380000 -0.013863 0.126287
368 9.400000 -0.016263 0.113400
369 9.420000 -0.018297 0.090040
370 9.440000 -0.019763 0.056920
371 9.460000 -0.020493 0.015730
372 9.480000 -0.020343 -0.030800
373 9.500000 -0.019237 -0.079500
374 9.520000 -0.017173 -0.126850
375 9.540000 -0.014213 -0.169257
376 9.560000 -0.010487 -0.203363
377 9.580000 -0.006193 -0.226303
378 9.600000 -0.001567 -0.235937
379 9.620000 0.003103 -0.231243
380 9.640000 0.007537 -0.212403
381 9.660000 0.011477 -0.181070
382 9.680000 0.014683 -0.140087
383 9.700000 0.017020 -0.093157
384 9.720000 0.018397 -0.044433
385 9.740000 0.018823 0.001820
386 9.760000 0.018387 0.041570
387 9.780000 0.017257 0.071420
388 9.800000 0.015653 0.088997
389 9.820000 0.013830 0.093253
390 9.840000 0.012050 0.084843
391 9.860000 0.010537 0.066440
392 9.880000 0.009443 0.042867
393 9.900000 0.008803 0.021057
394 9.920000 0.008493 0.010103
395 9.940000 0.008177 0.021353
396 9.960000 0.007283 0.068397
397 9.980000 0.004927 0.167040
398 10.000000 -0.000100 0.335427
