# Header information on force file

MeOH_MeOH
N 398 R 2.060000 10.000000

1 2.060000 459.655779 5584.775709
2 2.080000 347.960265 4197.993007
3 2.100000 264.000404 3164.163105
4 2.120000 200.717142 2391.304538
5 2.140000 152.891052 1811.957938
6 2.160000 116.651893 1376.503945
7 2.180000 89.121814 1048.340684
8 2.200000 68.155000 800.392698
9 2.220000 52.147146 612.576171
10 2.240000 39.895623 469.953089
11 2.260000 30.496561 361.383213
12 2.280000 23.268897 278.536816
13 2.300000 17.698161 215.169635
14 2.320000 13.394768 166.588928
15 2.340000 10.062989 129.259217
16 2.360000 7.477805 100.510407
17 2.380000 5.467597 78.321132
18 2.400000 3.901174 61.157536
19 2.420000 2.662424 57.498608
20 2.440000 1.661931 42.550813
21 2.460000 0.915244 32.117787
22 2.480000 0.345339 24.872753
23 2.500000 -0.101260 19.787155
24 2.520000 -0.460060 16.092926
25 2.540000 -0.753436 13.244619
26 2.560000 -0.994698 10.881626
27 2.580000 -1.191418 8.790333
28 2.600000 -1.347984 6.866310
29 2.620000 -1.467413 5.076527
30 2.640000 -1.552396 3.421798
31 2.660000 -1.605690 1.907664
32 2.680000 -1.630130 0.536307
33 2.700000 -1.628561 -0.693182
34 2.720000 -1.603788 -1.784175
35 2.740000 -1.558526 -2.741962
36 2.760000 -1.495376 -3.573141
37 2.780000 -1.416794 -4.285020
38 2.800000 -1.325093 -4.885047
39 2.820000 -1.222441 -5.380208
40 2.840000 -1.110874 -5.776438
41 2.860000 -0.992327 -6.078283
42 2.880000 -0.868654 -6.289042
43 2.900000 -0.741652 -6.411206
44 2.920000 -0.613071 -6.446847
45 2.940000 -0.484622 -6.398030
46 2.960000 -0.357969 -6.267233
47 2.980000 -0.234720 -6.057723
48 3.000000 -0.116403 -5.774000
49 3.020000 -0.004441 -5.422200
50 3.040000 0.099886 -5.010462
51 3.060000 0.195482 -4.549171
52 3.080000 0.281479 -4.050511
53 3.100000 0.357263 -3.527924
54 3.120000 0.422497 -2.995493
55 3.140000 0.477126 -2.467333
56 3.160000 0.521369 -1.957001
57 3.180000 0.555708 -1.476879
58 3.200000 0.580853 -1.037592
59 3.220000 0.597703 -0.647382
60 3.240000 0.607291 -0.311552
61 3.260000 0.610727 -0.032068
62 3.280000 0.609127 0.192101
63 3.300000 0.603562 0.364477
64 3.320000 0.595012 0.490532
65 3.340000 0.584335 0.577138
66 3.360000 0.572243 0.632023
67 3.380000 0.559291 0.663216
68 3.400000 0.545873 0.678544
69 3.420000 0.532237 0.685041
70 3.440000 0.518503 0.688442
71 3.460000 0.504691 0.692791
72 3.480000 0.490757 0.700562
73 3.500000 0.476622 0.712853
74 3.520000 0.462197 0.729673
75 3.540000 0.447399 0.750176
76 3.560000 0.432168 0.772920
77 3.580000 0.416477 0.796133
78 3.600000 0.400337 0.817931
79 3.620000 0.383792 0.836605
80 3.640000 0.366917 0.850852
81 3.660000 0.349809 0.859965
82 3.680000 0.332571 0.863788
83 3.700000 0.315307 0.862619
84 3.720000 0.298110 0.857134
85 3.740000 0.281056 0.848262
86 3.760000 0.264203 0.837059
87 3.780000 0.247585 0.824680
88 3.800000 0.231216 0.812181
89 3.820000 0.215090 0.800497
90 3.840000 0.199182 0.790305
91 3.860000 0.183459 0.781932
92 3.880000 0.167886 0.775441
93 3.900000 0.152425 0.770617
94 3.920000 0.137048 0.767044
95 3.940000 0.121737 0.764179
96 3.960000 0.106481 0.761376
97 3.980000 0.091287 0.757948
98 4.000000 0.076176 0.753224
99 4.020000 0.061177 0.746610
100 4.040000 0.046335 0.737632
101 4.060000 0.031699 0.725962
102 4.080000 0.017325 0.711422
103 4.100000 0.003271 0.693988
104 4.120000 -0.010407 0.673730
105 4.140000 -0.023652 0.650798
106 4.160000 -0.036414 0.625417
107 4.180000 -0.048647 0.597853
108 4.200000 -0.060309 0.568388
109 4.220000 -0.071365 0.537315
110 4.240000 -0.081788 0.504883
111 4.260000 -0.091550 0.471317
112 4.280000 -0.100631 0.436803
113 4.300000 -0.109014 0.401486
114 4.320000 -0.116683 0.365486
115 4.340000 -0.123628 0.328903
116 4.360000 -0.129834 0.291810
117 4.380000 -0.135296 0.254292
118 4.400000 -0.140002 0.216394
119 4.420000 -0.143948 0.178208
120 4.440000 -0.147129 0.139785
121 4.460000 -0.149538 0.101221
122 4.480000 -0.151177 0.062610
123 4.500000 -0.152044 0.024059
124 4.520000 -0.152141 -0.014298
125 4.540000 -0.151475 -0.052333
126 4.560000 -0.150053 -0.089889
127 4.580000 -0.147885 -0.126805
128 4.600000 -0.144988 -0.162897
129 4.620000 -0.141379 -0.197977
130 4.640000 -0.137082 -0.231829
131 4.660000 -0.132121 -0.264238
132 4.680000 -0.126529 -0.294985
133 4.700000 -0.120341 -0.323855
134 4.720000 -0.113595 -0.350660
135 4.740000 -0.106336 -0.375274
136 4.760000 -0.098608 -0.397595
137 4.780000 -0.090455 -0.417596
138 4.800000 -0.081926 -0.435335
139 4.820000 -0.073063 -0.450969
140 4.840000 -0.063906 -0.464757
141 4.860000 -0.054488 -0.477050
142 4.880000 -0.044834 -0.488321
143 4.900000 -0.034960 -0.499057
144 4.920000 -0.024871 -0.509784
145 4.940000 -0.014564 -0.521004
146 4.960000 -0.004022 -0.533168
147 4.980000 0.006776 -0.546617
148 5.000000 0.017858 -0.561601
149 5.020000 0.029255 -0.578175
150 5.040000 0.041000 -0.596224
151 5.060000 0.053116 -0.615416
152 5.080000 0.065622 -0.635221
153 5.100000 0.078524 -0.654945
154 5.120000 0.091811 -0.673778
155 5.140000 0.105457 -0.690813
156 5.160000 0.119416 -0.705097
157 5.180000 0.133623 -0.715659
158 5.200000 0.147996 -0.721544
159 5.220000 0.162429 -0.721837
160 5.240000 0.176806 -0.715729
161 5.260000 0.190988 -0.702516
162 5.280000 0.204829 -0.681641
163 5.300000 0.218173 -0.652712
164 5.320000 0.230855 -0.615488
165 5.340000 0.242710 -0.569952
166 5.360000 0.253572 -0.516297
167 5.380000 0.263284 -0.454918
168 5.400000 0.271698 -0.386493
169 5.420000 0.278683 -0.311953
170 5.440000 0.284127 -0.232515
171 5.460000 0.287949 -0.149664
172 5.480000 0.290097 -0.065127
173 5.500000 0.290556 0.019247
174 5.520000 0.289347 0.101547
175 5.540000 0.286533 0.179896
176 5.560000 0.282209 0.252509
177 5.580000 0.276506 0.317810
178 5.600000 0.269583 0.374487
179 5.620000 0.261622 0.421587
180 5.640000 0.252821 0.458584
181 5.660000 0.243380 0.485455
182 5.680000 0.233500 0.502596
183 5.700000 0.223366 0.510772
184 5.720000 0.213149 0.511018
185 5.740000 0.202992 0.504574
186 5.760000 0.193019 0.492800
187 5.780000 0.183320 0.477070
188 5.800000 0.173962 0.458738
189 5.820000 0.164984 0.439011
190 5.840000 0.156405 0.418902
191 5.860000 0.148225 0.399162
192 5.880000 0.140430 0.380287
193 5.900000 0.133001 0.362561
194 5.920000 0.125915 0.346096
195 5.940000 0.119145 0.330868
196 5.960000 0.112669 0.316734
197 5.980000 0.106467 0.303514
198 6.000000 0.100521 0.290998
199 6.020000 0.094822 0.278963
200 6.040000 0.089359 0.267267
201 6.060000 0.084129 0.255830
202 6.080000 0.079124 0.244636
203 6.100000 0.074340 0.233730
204 6.120000 0.069771 0.223196
205 6.140000 0.065408 0.213122
206 6.160000 0.061241 0.203614
207 6.180000 0.057257 0.194744
208 6.200000 0.053444 0.186563
209 6.220000 0.049787 0.179077
210 6.240000 0.046275 0.172200
211 6.260000 0.042895 0.165796
212 6.280000 0.039640 0.159654
213 6.300000 0.036508 0.153521
214 6.320000 0.033502 0.147140
215 6.340000 0.030628 0.140232
216 6.360000 0.027901 0.132578
217 6.380000 0.025334 0.123993
218 6.400000 0.022950 0.114365
219 6.420000 0.020770 0.103685
220 6.440000 0.018813 0.092062
221 6.460000 0.017095 0.079727
222 6.480000 0.015628 0.067024
223 6.500000 0.014414 0.054355
224 6.520000 0.013448 0.042189
225 6.540000 0.012717 0.030958
226 6.560000 0.012196 0.021079
227 6.580000 0.011857 0.012898
228 6.600000 0.011661 0.006656
229 6.620000 0.011571 0.002436
230 6.640000 0.011544 0.000171
231 6.660000 0.011546 -0.000410
232 6.680000 0.011548 0.000256
233 6.700000 0.011530 0.001607
234 6.720000 0.011483 0.003046
235 6.740000 0.011413 0.003910
236 6.760000 0.011338 0.003605
237 6.780000 0.011287 0.001577
238 6.800000 0.011296 -0.002578
239 6.820000 0.011414 -0.009113
240 6.840000 0.011685 -0.018047
241 6.860000 0.012157 -0.029174
242 6.880000 0.012869 -0.042069
243 6.900000 0.013852 -0.056131
244 6.920000 0.015119 -0.070671
245 6.940000 0.016675 -0.084921
246 6.960000 0.018505 -0.098117
247 6.980000 0.020582 -0.109543
248 7.000000 0.022864 -0.118579
249 7.020000 0.025297 -0.124740
250 7.040000 0.027822 -0.127757
251 7.060000 0.030376 -0.127586
252 7.080000 0.032895 -0.124391
253 7.100000 0.035324 -0.118514
254 7.120000 0.037613 -0.110417
255 7.140000 0.039724 -0.100641
256 7.160000 0.041629 -0.089804
257 7.180000 0.043311 -0.078505
258 7.200000 0.044770 -0.067309
259 7.220000 0.046010 -0.056708
260 7.240000 0.047048 -0.047084
261 7.260000 0.047905 -0.038663
262 7.280000 0.048607 -0.031532
263 7.300000 0.049179 -0.025681
264 7.320000 0.049646 -0.020992
265 7.340000 0.050029 -0.017295
266 7.360000 0.050346 -0.014361
267 7.380000 0.050609 -0.011948
268 7.400000 0.050826 -0.009809
269 7.420000 0.051002 -0.007726
270 7.440000 0.051134 -0.005528
271 7.460000 0.051221 -0.003101
272 7.480000 0.051255 -0.000389
273 7.500000 0.051233 0.002616
274 7.520000 0.051149 0.005869
275 7.540000 0.050997 0.009311
276 7.560000 0.050775 0.012862
277 7.580000 0.050482 0.016416
278 7.600000 0.050119 0.019896
279 7.620000 0.049688 0.023213
280 7.640000 0.049193 0.026321
281 7.660000 0.048637 0.029175
282 7.680000 0.048027 0.031774
283 7.700000 0.047368 0.034132
284 7.720000 0.046665 0.036279
285 7.740000 0.045920 0.038238
286 7.760000 0.045136 0.040052
287 7.780000 0.044319 0.041739
288 7.800000 0.043468 0.043322
289 7.820000 0.042587 0.044797
290 7.840000 0.041678 0.046135
291 7.860000 0.040743 0.047279
292 7.880000 0.039789 0.048156
293 7.900000 0.038821 0.048679
294 7.920000 0.037846 0.048759
295 7.940000 0.036876 0.048322
296 7.960000 0.035919 0.047296
297 7.980000 0.034990 0.045664
298 8.000000 0.034099 0.043419
299 8.020000 0.033258 0.040613
300 8.040000 0.032479 0.037363
301 8.060000 0.031767 0.033834
302 8.080000 0.031126 0.030236
303 8.100000 0.030555 0.026828
304 8.120000 0.030049 0.023872
305 8.140000 0.029594 0.021594
306 8.160000 0.029176 0.020229
307 8.180000 0.028774 0.019938
308 8.200000 0.028366 0.020847
309 8.220000 0.027928 0.022963
310 8.240000 0.027436 0.026209
311 8.260000 0.026871 0.030389
312 8.280000 0.026214 0.035214
313 8.300000 0.025459 0.040339
314 8.320000 0.024602 0.045365
315 8.340000 0.023650 0.049892
316 8.360000 0.022614 0.053537
317 8.380000 0.021520 0.055970
318 8.400000 0.020391 0.056931
319 8.420000 0.019259 0.056269
320 8.440000 0.018156 0.053960
321 8.460000 0.017115 0.050130
322 8.480000 0.016163 0.045032
323 8.500000 0.015323 0.039024
324 8.520000 0.014608 0.032509
325 8.540000 0.014024 0.025940
326 8.560000 0.013567 0.019751
327 8.580000 0.013226 0.014351
328 8.600000 0.012981 0.010077
329 8.620000 0.012809 0.007159
330 8.640000 0.012681 0.005700
331 8.660000 0.012567 0.005659
332 8.680000 0.012442 0.006839
333 8.700000 0.012283 0.008963
334 8.720000 0.012077 0.011664
335 8.740000 0.011816 0.014551
336 8.760000 0.011498 0.017223
337 8.780000 0.011133 0.019289
338 8.800000 0.010736 0.020438
339 8.820000 0.010326 0.020435
340 8.840000 0.009931 0.019162
341 8.860000 0.009572 0.016653
342 8.880000 0.009275 0.013063
343 8.900000 0.009058 0.008625
344 8.920000 0.008936 0.003663
345 8.940000 0.008914 -0.001455
346 8.960000 0.008991 -0.006365
347 8.980000 0.009162 -0.010710
348 9.000000 0.009411 -0.014175
349 9.020000 0.009718 -0.016516
350 9.040000 0.010060 -0.017581
351 9.060000 0.010408 -0.017348
352 9.080000 0.010741 -0.015891
353 9.100000 0.011033 -0.013365
354 9.120000 0.011267 -0.009995
355 9.140000 0.011427 -0.006051
356 9.160000 0.011506 -0.001819
357 9.180000 0.011500 0.002396
358 9.200000 0.011413 0.006333
359 9.220000 0.011252 0.009749
360 9.240000 0.011030 0.012475
361 9.260000 0.010761 0.014398
362 9.280000 0.010462 0.015498
363 9.300000 0.010149 0.015803
364 9.320000 0.009837 0.015375
365 9.340000 0.009540 0.014357
366 9.360000 0.009267 0.012880
367 9.380000 0.009028 0.011116
368 9.400000 0.008824 0.009238
369 9.420000 0.008658 0.007426
370 9.440000 0.008525 0.005836
371 9.460000 0.008420 0.004617
372 9.480000 0.008336 0.003880
373 9.500000 0.008260 0.003705
374 9.520000 0.008181 0.004167
375 9.540000 0.008087 0.005258
376 9.560000 0.007965 0.006957
377 9.580000 0.007803 0.009203
378 9.600000 0.007592 0.011860
379 9.620000 0.007326 0.014777
380 9.640000 0.007002 0.017699
381 9.660000 0.006621 0.020354
382 9.680000 0.006193 0.022441
383 9.700000 0.005732 0.023651
384 9.720000 0.005258 0.023725
385 9.740000 0.004796 0.022502
386 9.760000 0.004372 0.019914
387 9.780000 0.004012 0.016054
388 9.800000 0.003739 0.011198
389 9.820000 0.003570 0.005824
390 9.840000 0.003504 0.000696
391 9.860000 0.003529 -0.003196
392 9.880000 0.003607 -0.004661
393 9.900000 0.003679 -0.002462
394 9.920000 0.003658 0.004590
395 9.940000 0.003437 0.017518
396 9.960000 0.002890 0.037095
397 9.980000 0.001883 0.063665
398 10.000000 0.000275 0.097109
