# Header information on force file

MeOH_MeOH
N 398 R 2.060000 10.000000

1 2.060000 -784.596720 -11824.953300
2 2.080000 -548.097653 -8480.916880
3 2.100000 -378.479313 -6063.764657
4 2.120000 -257.204020 -4317.335740
5 2.140000 -170.857310 -3056.676680
6 2.160000 -109.723773 -2148.036770
7 2.180000 -66.763040 -1494.558390
8 2.200000 -36.871870 -1026.016990
9 2.220000 -16.351530 -691.448133
10 2.240000 -2.522570 -453.837953
11 2.260000 6.554190 -286.291847
12 2.280000 12.280027 -169.264640
13 2.300000 15.665320 -88.554623
14 2.320000 17.436413 -33.848453
15 2.340000 18.113383 2.335910
16 2.360000 18.066663 25.418137
17 2.380000 17.558300 39.315480
18 2.400000 16.771993 46.850950
19 2.420000 14.839943 4.473300
20 2.440000 14.477297 31.791117
21 2.460000 13.701153 45.823467
22 2.480000 12.733327 50.959183
23 2.500000 11.717997 50.573700
24 2.520000 10.740677 47.158167
25 2.540000 9.844607 42.448950
26 2.560000 9.044547 37.556900
27 2.580000 8.338010 33.096783
28 2.600000 7.713877 29.316633
29 2.620000 7.158440 26.227000
30 2.640000 6.658877 23.729400
31 2.660000 6.204423 21.715850
32 2.680000 5.786303 20.096233
33 2.700000 5.397370 18.797017
34 2.720000 5.031813 17.758750
35 2.740000 4.684887 16.933817
36 2.760000 4.352710 16.283983
37 2.780000 4.032090 15.778000
38 2.800000 3.720417 15.389267
39 2.820000 3.415590 15.093417
40 2.840000 3.115997 14.865933
41 2.860000 2.820530 14.680650
42 2.880000 2.528623 14.510000
43 2.900000 2.240263 14.326267
44 2.920000 1.955973 14.102700
45 2.940000 1.676797 13.814700
46 2.960000 1.404240 13.441017
47 2.980000 1.140183 12.964833
48 3.000000 0.886783 12.375033
49 3.020000 0.646360 11.667367
50 3.040000 0.421230 10.845483
51 3.060000 0.213560 9.921633
52 3.080000 0.025190 8.915300
53 3.100000 -0.142477 7.851583
54 3.120000 -0.288587 6.759333
55 3.140000 -0.412873 5.669333
56 3.160000 -0.515693 4.612517
57 3.180000 -0.598000 3.618117
58 3.200000 -0.661300 2.711917
59 3.220000 -0.707563 1.914367
60 3.240000 -0.739093 1.238917
61 3.260000 -0.758390 0.690750
62 3.280000 -0.767973 0.267600
63 3.300000 -0.770260 -0.039000
64 3.320000 -0.767447 -0.242367
65 3.340000 -0.761430 -0.359283
66 3.360000 -0.753750 -0.408633
67 3.380000 -0.745567 -0.410017
68 3.400000 -0.737640 -0.382500
69 3.420000 -0.730383 -0.343117
70 3.440000 -0.723897 -0.305617
71 3.460000 -0.718047 -0.279467
72 3.480000 -0.712550 -0.270200
73 3.500000 -0.707047 -0.279867
74 3.520000 -0.701170 -0.307800
75 3.540000 -0.694583 -0.351183
76 3.560000 -0.687013 -0.405733
77 3.580000 -0.678290 -0.466367
78 3.600000 -0.668350 -0.527750
79 3.620000 -0.657223 -0.585033
80 3.640000 -0.645027 -0.634450
81 3.660000 -0.631947 -0.673783
82 3.680000 -0.618183 -0.702267
83 3.700000 -0.603960 -0.720317
84 3.720000 -0.589463 -0.729367
85 3.740000 -0.574853 -0.731533
86 3.760000 -0.560247 -0.729283
87 3.780000 -0.545697 -0.725400
88 3.800000 -0.531220 -0.722433
89 3.820000 -0.516770 -0.722683
90 3.840000 -0.502263 -0.727833
91 3.860000 -0.487597 -0.738700
92 3.880000 -0.472657 -0.755483
93 3.900000 -0.457323 -0.777683
94 3.920000 -0.441503 -0.804300
95 3.940000 -0.425123 -0.834017
96 3.960000 -0.408130 -0.865250
97 3.980000 -0.390513 -0.896283
98 4.000000 -0.372297 -0.925417
99 4.020000 -0.353530 -0.951117
100 4.040000 -0.334300 -0.972100
101 4.060000 -0.314703 -0.987400
102 4.080000 -0.294867 -0.996383
103 4.100000 -0.274913 -0.998783
104 4.120000 -0.254980 -0.994550
105 4.140000 -0.235197 -0.983817
106 4.160000 -0.215690 -0.966917
107 4.180000 -0.196577 -0.944300
108 4.200000 -0.177970 -0.916483
109 4.220000 -0.159967 -0.884050
110 4.240000 -0.142650 -0.847517
111 4.260000 -0.126100 -0.807400
112 4.280000 -0.110383 -0.764167
113 4.300000 -0.095560 -0.718217
114 4.320000 -0.081680 -0.669917
115 4.340000 -0.068783 -0.619600
116 4.360000 -0.056913 -0.567533
117 4.380000 -0.046097 -0.514017
118 4.400000 -0.036367 -0.459217
119 4.420000 -0.027740 -0.403417
120 4.440000 -0.020237 -0.346733
121 4.460000 -0.013877 -0.289367
122 4.480000 -0.008667 -0.231467
123 4.500000 -0.004620 -0.173183
124 4.520000 -0.001743 -0.114717
125 4.540000 -0.000033 -0.056233
126 4.560000 0.000510 0.002033
127 4.580000 -0.000110 0.059833
128 4.600000 -0.001877 0.116850
129 4.620000 -0.004773 0.172733
130 4.640000 -0.008770 0.227033
131 4.660000 -0.013833 0.279267
132 4.680000 -0.019913 0.328917
133 4.700000 -0.026957 0.375433
134 4.720000 -0.034897 0.418317
135 4.740000 -0.043650 0.457217
136 4.760000 -0.053140 0.491817
137 4.780000 -0.063280 0.521983
138 4.800000 -0.073977 0.547800
139 4.820000 -0.085150 0.569600
140 4.840000 -0.096727 0.587983
141 4.860000 -0.108643 0.603783
142 4.880000 -0.120863 0.618167
143 4.900000 -0.133370 0.632333
144 4.920000 -0.146170 0.647600
145 4.940000 -0.159297 0.665233
146 4.960000 -0.172813 0.686383
147 4.980000 -0.186797 0.711917
148 5.000000 -0.201340 0.742500
149 5.020000 -0.216547 0.778300
150 5.040000 -0.232523 0.819067
151 5.060000 -0.249353 0.864017
152 5.080000 -0.267110 0.911867
153 5.100000 -0.285840 0.960917
154 5.120000 -0.305540 1.009183
155 5.140000 -0.326177 1.054433
156 5.160000 -0.347663 1.094317
157 5.180000 -0.369870 1.126433
158 5.200000 -0.392620 1.148417
159 5.220000 -0.415683 1.157983
160 5.240000 -0.438797 1.153117
161 5.260000 -0.461647 1.132050
162 5.280000 -0.483900 1.093367
163 5.300000 -0.505197 1.036067
164 5.320000 -0.525150 0.959500
165 5.340000 -0.543383 0.863583
166 5.360000 -0.559507 0.748750
167 5.380000 -0.573153 0.615917
168 5.400000 -0.583977 0.466717
169 5.420000 -0.591680 0.303400
170 5.440000 -0.596003 0.128933
171 5.460000 -0.596760 -0.053067
172 5.480000 -0.593847 -0.238367
173 5.500000 -0.587240 -0.422450
174 5.520000 -0.577007 -0.600650
175 5.540000 -0.563317 -0.768400
176 5.560000 -0.546420 -0.921367
177 5.580000 -0.526647 -1.055767
178 5.600000 -0.504407 -1.168483
179 5.620000 -0.480147 -1.257317
180 5.640000 -0.454363 -1.321150
181 5.660000 -0.427550 -1.360150
182 5.680000 -0.400193 -1.375533
183 5.700000 -0.372743 -1.369450
184 5.720000 -0.345603 -1.344717
185 5.740000 -0.319107 -1.304650
186 5.760000 -0.293533 -1.252850
187 5.780000 -0.269077 -1.192917
188 5.800000 -0.245863 -1.128367
189 5.820000 -0.223957 -1.062300
190 5.840000 -0.203360 -0.997283
191 5.860000 -0.184037 -0.935167
192 5.880000 -0.165913 -0.877117
193 5.900000 -0.148903 -0.823717
194 5.920000 -0.132917 -0.775100
195 5.940000 -0.117853 -0.731033
196 5.960000 -0.103633 -0.690967
197 5.980000 -0.090183 -0.654267
198 6.000000 -0.077437 -0.620233
199 6.020000 -0.065353 -0.588133
200 6.040000 -0.053897 -0.557483
201 6.060000 -0.043043 -0.527983
202 6.080000 -0.032767 -0.499517
203 6.100000 -0.023050 -0.472150
204 6.120000 -0.013870 -0.446067
205 6.140000 -0.005193 -0.421467
206 6.160000 0.003007 -0.398600
207 6.180000 0.010770 -0.377633
208 6.200000 0.018133 -0.358667
209 6.220000 0.025137 -0.341683
210 6.240000 0.031817 -0.326400
211 6.260000 0.038203 -0.312400
212 6.280000 0.044320 -0.299050
213 6.300000 0.050167 -0.285600
214 6.320000 0.055733 -0.271300
215 6.340000 0.061000 -0.255333
216 6.360000 0.065923 -0.237067
217 6.380000 0.070457 -0.215967
218 6.400000 0.074533 -0.191717
219 6.420000 0.078093 -0.164300
220 6.440000 0.081077 -0.134050
221 6.460000 0.083433 -0.101650
222 6.480000 0.085130 -0.068117
223 6.500000 0.086157 -0.034633
224 6.520000 0.086530 -0.002583
225 6.540000 0.086287 0.026767
226 6.560000 0.085500 0.052183
227 6.580000 0.084250 0.072650
228 6.600000 0.082650 0.087450
229 6.620000 0.080810 0.096333
230 6.640000 0.078853 0.099483
231 6.660000 0.076883 0.097683
232 6.680000 0.074983 0.092200
233 6.700000 0.073213 0.084667
234 6.720000 0.071600 0.076817
235 6.740000 0.070127 0.070583
236 6.760000 0.068743 0.067700
237 6.780000 0.067367 0.069783
238 6.800000 0.065890 0.078017
239 6.820000 0.064177 0.093150
240 6.840000 0.062093 0.115250
241 6.860000 0.059503 0.143733
242 6.880000 0.056293 0.177383
243 6.900000 0.052373 0.214467
244 6.920000 0.047700 0.253000
245 6.940000 0.042263 0.290767
246 6.960000 0.036100 0.325567
247 6.980000 0.029290 0.355333
248 7.000000 0.021953 0.378283
249 7.020000 0.014240 0.393017
250 7.040000 0.006323 0.398767
251 7.060000 -0.001620 0.395417
252 7.080000 -0.009407 0.383450
253 7.100000 -0.016880 0.363867
254 7.120000 -0.023900 0.338017
255 7.140000 -0.030353 0.307467
256 7.160000 -0.036170 0.274017
257 7.180000 -0.041303 0.239400
258 7.200000 -0.045750 0.205250
259 7.220000 -0.049533 0.172983
260 7.240000 -0.052700 0.143700
261 7.260000 -0.055317 0.118033
262 7.280000 -0.057460 0.096217
263 7.300000 -0.059203 0.078200
264 7.320000 -0.060620 0.063617
265 7.340000 -0.061777 0.051950
266 7.360000 -0.062723 0.042517
267 7.380000 -0.063493 0.034600
268 7.400000 -0.064113 0.027467
269 7.420000 -0.064593 0.020483
270 7.440000 -0.064930 0.013150
271 7.460000 -0.065113 0.005150
272 7.480000 -0.065127 -0.003667
273 7.500000 -0.064957 -0.013300
274 7.520000 -0.064590 -0.023600
275 7.540000 -0.064010 -0.034367
276 7.560000 -0.063213 -0.045350
277 7.580000 -0.062197 -0.056217
278 7.600000 -0.060967 -0.066733
279 7.620000 -0.059533 -0.076633
280 7.640000 -0.057910 -0.085783
281 7.660000 -0.056110 -0.094067
282 7.680000 -0.054153 -0.101500
283 7.700000 -0.052057 -0.108150
284 7.720000 -0.049837 -0.114133
285 7.740000 -0.047500 -0.119550
286 7.760000 -0.045057 -0.124550
287 7.780000 -0.042520 -0.129217
288 7.800000 -0.039890 -0.133633
289 7.820000 -0.037177 -0.137800
290 7.840000 -0.034383 -0.141633
291 7.860000 -0.031517 -0.144950
292 7.880000 -0.028593 -0.147517
293 7.900000 -0.025627 -0.149050
294 7.920000 -0.022643 -0.149250
295 7.940000 -0.019673 -0.147867
296 7.960000 -0.016747 -0.144650
297 7.980000 -0.013907 -0.139517
298 8.000000 -0.011187 -0.132417
299 8.020000 -0.008627 -0.123483
300 8.040000 -0.006263 -0.113050
301 8.060000 -0.004117 -0.101600
302 8.080000 -0.002200 -0.089767
303 8.100000 -0.000520 -0.078333
304 8.120000 0.000943 -0.068100
305 8.140000 0.002223 -0.059767
306 8.160000 0.003360 -0.054067
307 8.180000 0.004417 -0.051517
308 8.200000 0.005457 -0.052533
309 8.220000 0.006553 -0.057183
310 8.240000 0.007780 -0.065283
311 8.260000 0.009193 -0.076300
312 8.280000 0.010853 -0.089417
313 8.300000 0.012783 -0.103650
314 8.320000 0.014997 -0.117850
315 8.340000 0.017483 -0.130850
316 8.360000 0.020210 -0.141533
317 8.380000 0.023113 -0.148917
318 8.400000 0.026123 -0.152217
319 8.420000 0.029157 -0.150950
320 8.440000 0.032117 -0.145000
321 8.460000 0.034913 -0.134667
322 8.480000 0.037467 -0.120617
323 8.500000 0.039710 -0.103817
324 8.520000 0.041600 -0.085367
325 8.540000 0.043120 -0.066517
326 8.560000 0.044270 -0.048467
327 8.580000 0.045077 -0.032367
328 8.600000 0.045593 -0.019167
329 8.620000 0.045880 -0.009533
330 8.640000 0.046013 -0.003783
331 8.660000 0.046070 -0.001850
332 8.680000 0.046120 -0.003233
333 8.700000 0.046227 -0.007217
334 8.720000 0.046427 -0.012833
335 8.740000 0.046743 -0.019050
336 8.760000 0.047183 -0.024800
337 8.780000 0.047720 -0.029033
338 8.800000 0.048320 -0.030917
339 8.820000 0.048930 -0.029817
340 8.840000 0.049480 -0.025400
341 8.860000 0.049913 -0.017750
342 8.880000 0.050163 -0.007267
343 8.900000 0.050180 0.005450
344 8.920000 0.049930 0.019550
345 8.940000 0.049393 0.034067
346 8.960000 0.048573 0.048050
347 8.980000 0.047487 0.060567
348 9.000000 0.046173 0.070800
349 9.020000 0.044683 0.078117
350 9.040000 0.043080 0.082133
351 9.060000 0.041433 0.082817
352 9.080000 0.039800 0.080383
353 9.100000 0.038243 0.075267
354 9.120000 0.036810 0.068083
355 9.140000 0.035533 0.059567
356 9.160000 0.034433 0.050483
357 9.180000 0.033513 0.041650
358 9.200000 0.032757 0.033750
359 9.220000 0.032147 0.027417
360 9.240000 0.031640 0.023067
361 9.260000 0.031200 0.020967
362 9.280000 0.030780 0.021117
363 9.300000 0.030337 0.023383
364 9.320000 0.029827 0.027550
365 9.340000 0.029220 0.033167
366 9.360000 0.028490 0.039833
367 9.380000 0.027620 0.047033
368 9.400000 0.026607 0.054267
369 9.420000 0.025453 0.061017
370 9.440000 0.024177 0.066850
371 9.460000 0.022793 0.071367
372 9.480000 0.021337 0.074283
373 9.500000 0.019840 0.075417
374 9.520000 0.018340 0.074600
375 9.540000 0.016873 0.071917
376 9.560000 0.015480 0.067483
377 9.580000 0.014190 0.061533
378 9.600000 0.013030 0.054517
379 9.620000 0.012017 0.046917
380 9.640000 0.011150 0.039517
381 9.660000 0.010423 0.033133
382 9.680000 0.009807 0.028650
383 9.700000 0.009250 0.026950
384 9.720000 0.008693 0.028733
385 9.740000 0.008063 0.034367
386 9.760000 0.007280 0.043900
387 9.780000 0.006273 0.056850
388 9.800000 0.004983 0.072133
389 9.820000 0.003380 0.088000
390 9.840000 0.001483 0.101783
391 9.860000 -0.000633 0.110083
392 9.880000 -0.002823 0.108917
393 9.900000 -0.004857 0.094250
394 9.920000 -0.006423 0.062367
395 9.940000 -0.007150 0.010300
396 9.960000 -0.006613 -0.063833
397 9.980000 -0.004373 -0.160217
398 10.000000 0.000000 -0.277150
